::1 - - [06/Jun/2016:16:01:16 +0000] "GET /projectindex HTTP/1.1" 302 56 "http://localhost:4001/newproject" "Mozilla/5.0 (Windows NT 10.0; rv:46.0) Gecko/20100101 Firefox/46.0"
::1 - - [06/Jun/2016:16:01:16 +0000] "GET /login HTTP/1.1" 200 2544 "http://localhost:4001/newproject" "Mozilla/5.0 (Windows NT 10.0; rv:46.0) Gecko/20100101 Firefox/46.0"
::1 - - [06/Jun/2016:16:01:16 +0000] "GET /utils/flat-ui/css/vendor/bootstrap/css/bootstrap.min.css HTTP/1.1" 304 - "http://localhost:4001/login" "Mozilla/5.0 (Windows NT 10.0; rv:46.0) Gecko/20100101 Firefox/46.0"
::1 - - [06/Jun/2016:16:01:16 +0000] "GET /utils/flat-ui/css/flat-ui.css HTTP/1.1" 304 - "http://localhost:4001/login" "Mozilla/5.0 (Windows NT 10.0; rv:46.0) Gecko/20100101 Firefox/46.0"
::1 - - [06/Jun/2016:16:01:16 +0000] "GET /css/style.css HTTP/1.1" 304 - "http://localhost:4001/login" "Mozilla/5.0 (Windows NT 10.0; rv:46.0) Gecko/20100101 Firefox/46.0"
::1 - - [06/Jun/2016:16:01:16 +0000] "GET /css/flat-ui.css HTTP/1.1" 304 - "http://localhost:4001/login" "Mozilla/5.0 (Windows NT 10.0; rv:46.0) Gecko/20100101 Firefox/46.0"
::1 - - [06/Jun/2016:16:01:16 +0000] "GET /utils/flat-ui/js/vendor/jquery.min.js HTTP/1.1" 304 - "http://localhost:4001/login" "Mozilla/5.0 (Windows NT 10.0; rv:46.0) Gecko/20100101 Firefox/46.0"
::1 - - [06/Jun/2016:16:01:16 +0000] "GET /utils/flat-ui/js/flat-ui.min.js HTTP/1.1" 304 - "http://localhost:4001/login" "Mozilla/5.0 (Windows NT 10.0; rv:46.0) Gecko/20100101 Firefox/46.0"
::1 - - [06/Jun/2016:16:01:16 +0000] "GET /css/register.css HTTP/1.1" 200 668 "http://localhost:4001/login" "Mozilla/5.0 (Windows NT 10.0; rv:46.0) Gecko/20100101 Firefox/46.0"
::1 - - [06/Jun/2016:16:01:16 +0000] "GET /img/login/icon.png HTTP/1.1" 304 - "http://localhost:4001/login" "Mozilla/5.0 (Windows NT 10.0; rv:46.0) Gecko/20100101 Firefox/46.0"
::1 - - [06/Jun/2016:16:01:16 +0000] "GET /fonts/lato/lato-regular.woff HTTP/1.1" 304 - "http://localhost:4001/css/flat-ui.css" "Mozilla/5.0 (Windows NT 10.0; rv:46.0) Gecko/20100101 Firefox/46.0"
::1 - - [06/Jun/2016:16:01:16 +0000] "GET /fonts/glyphicons/flat-ui-icons-regular.woff HTTP/1.1" 304 - "http://localhost:4001/css/flat-ui.css" "Mozilla/5.0 (Windows NT 10.0; rv:46.0) Gecko/20100101 Firefox/46.0"
::1 - - [06/Jun/2016:16:01:16 +0000] "GET /fonts/lato/lato-light.woff HTTP/1.1" 304 - "http://localhost:4001/css/flat-ui.css" "Mozilla/5.0 (Windows NT 10.0; rv:46.0) Gecko/20100101 Firefox/46.0"
::1 - - [06/Jun/2016:16:01:16 +0000] "GET /fonts/lato/lato-bold.woff HTTP/1.1" 304 - "http://localhost:4001/css/flat-ui.css" "Mozilla/5.0 (Windows NT 10.0; rv:46.0) Gecko/20100101 Firefox/46.0"
::1 - - [06/Jun/2016:16:01:21 +0000] "POST /login HTTP/1.1" 302 56 "http://localhost:4001/login" "Mozilla/5.0 (Windows NT 10.0; rv:46.0) Gecko/20100101 Firefox/46.0"
::1 - - [06/Jun/2016:16:01:21 +0000] "GET /login HTTP/1.1" 200 2799 "http://localhost:4001/login" "Mozilla/5.0 (Windows NT 10.0; rv:46.0) Gecko/20100101 Firefox/46.0"
::1 - - [06/Jun/2016:16:01:21 +0000] "GET /utils/flat-ui/css/vendor/bootstrap/css/bootstrap.min.css HTTP/1.1" 304 - "http://localhost:4001/login" "Mozilla/5.0 (Windows NT 10.0; rv:46.0) Gecko/20100101 Firefox/46.0"
::1 - - [06/Jun/2016:16:01:21 +0000] "GET /utils/flat-ui/css/flat-ui.css HTTP/1.1" 304 - "http://localhost:4001/login" "Mozilla/5.0 (Windows NT 10.0; rv:46.0) Gecko/20100101 Firefox/46.0"
::1 - - [06/Jun/2016:16:01:21 +0000] "GET /css/style.css HTTP/1.1" 304 - "http://localhost:4001/login" "Mozilla/5.0 (Windows NT 10.0; rv:46.0) Gecko/20100101 Firefox/46.0"
::1 - - [06/Jun/2016:16:01:21 +0000] "GET /css/flat-ui.css HTTP/1.1" 304 - "http://localhost:4001/login" "Mozilla/5.0 (Windows NT 10.0; rv:46.0) Gecko/20100101 Firefox/46.0"
::1 - - [06/Jun/2016:16:01:21 +0000] "GET /css/register.css HTTP/1.1" 304 - "http://localhost:4001/login" "Mozilla/5.0 (Windows NT 10.0; rv:46.0) Gecko/20100101 Firefox/46.0"
::1 - - [06/Jun/2016:16:01:21 +0000] "GET /utils/flat-ui/js/vendor/jquery.min.js HTTP/1.1" 304 - "http://localhost:4001/login" "Mozilla/5.0 (Windows NT 10.0; rv:46.0) Gecko/20100101 Firefox/46.0"
::1 - - [06/Jun/2016:16:01:21 +0000] "GET /utils/flat-ui/js/flat-ui.min.js HTTP/1.1" 304 - "http://localhost:4001/login" "Mozilla/5.0 (Windows NT 10.0; rv:46.0) Gecko/20100101 Firefox/46.0"
::1 - - [06/Jun/2016:16:01:21 +0000] "GET /img/login/icon.png HTTP/1.1" 304 - "http://localhost:4001/login" "Mozilla/5.0 (Windows NT 10.0; rv:46.0) Gecko/20100101 Firefox/46.0"
::1 - - [06/Jun/2016:16:03:25 +0000] "GET /register HTTP/1.1" 200 3132 "http://localhost:4001/login" "Mozilla/5.0 (Windows NT 10.0; rv:46.0) Gecko/20100101 Firefox/46.0"
::1 - - [06/Jun/2016:16:03:25 +0000] "GET /utils/flat-ui/css/vendor/bootstrap/css/bootstrap.min.css HTTP/1.1" 304 - "http://localhost:4001/register" "Mozilla/5.0 (Windows NT 10.0; rv:46.0) Gecko/20100101 Firefox/46.0"
::1 - - [06/Jun/2016:16:03:25 +0000] "GET /utils/flat-ui/css/flat-ui.css HTTP/1.1" 304 - "http://localhost:4001/register" "Mozilla/5.0 (Windows NT 10.0; rv:46.0) Gecko/20100101 Firefox/46.0"
::1 - - [06/Jun/2016:16:03:25 +0000] "GET /css/style.css HTTP/1.1" 304 - "http://localhost:4001/register" "Mozilla/5.0 (Windows NT 10.0; rv:46.0) Gecko/20100101 Firefox/46.0"
::1 - - [06/Jun/2016:16:03:25 +0000] "GET /css/flat-ui.css HTTP/1.1" 304 - "http://localhost:4001/register" "Mozilla/5.0 (Windows NT 10.0; rv:46.0) Gecko/20100101 Firefox/46.0"
::1 - - [06/Jun/2016:16:03:25 +0000] "GET /css/register.css HTTP/1.1" 304 - "http://localhost:4001/register" "Mozilla/5.0 (Windows NT 10.0; rv:46.0) Gecko/20100101 Firefox/46.0"
::1 - - [06/Jun/2016:16:03:25 +0000] "GET /utils/flat-ui/js/vendor/jquery.min.js HTTP/1.1" 304 - "http://localhost:4001/register" "Mozilla/5.0 (Windows NT 10.0; rv:46.0) Gecko/20100101 Firefox/46.0"
::1 - - [06/Jun/2016:16:03:25 +0000] "GET /utils/flat-ui/js/flat-ui.min.js HTTP/1.1" 304 - "http://localhost:4001/register" "Mozilla/5.0 (Windows NT 10.0; rv:46.0) Gecko/20100101 Firefox/46.0"
::1 - - [06/Jun/2016:16:03:25 +0000] "GET /img/login/icon.png HTTP/1.1" 304 - "http://localhost:4001/register" "Mozilla/5.0 (Windows NT 10.0; rv:46.0) Gecko/20100101 Firefox/46.0"
::1 - - [06/Jun/2016:16:03:45 +0000] "POST /register HTTP/1.1" 302 62 "http://localhost:4001/register" "Mozilla/5.0 (Windows NT 10.0; rv:46.0) Gecko/20100101 Firefox/46.0"
::1 - - [06/Jun/2016:16:03:45 +0000] "GET /register HTTP/1.1" 200 3387 "http://localhost:4001/register" "Mozilla/5.0 (Windows NT 10.0; rv:46.0) Gecko/20100101 Firefox/46.0"
::1 - - [06/Jun/2016:16:03:45 +0000] "GET /utils/flat-ui/css/vendor/bootstrap/css/bootstrap.min.css HTTP/1.1" 304 - "http://localhost:4001/register" "Mozilla/5.0 (Windows NT 10.0; rv:46.0) Gecko/20100101 Firefox/46.0"
::1 - - [06/Jun/2016:16:03:45 +0000] "GET /utils/flat-ui/css/flat-ui.css HTTP/1.1" 304 - "http://localhost:4001/register" "Mozilla/5.0 (Windows NT 10.0; rv:46.0) Gecko/20100101 Firefox/46.0"
::1 - - [06/Jun/2016:16:03:45 +0000] "GET /css/style.css HTTP/1.1" 304 - "http://localhost:4001/register" "Mozilla/5.0 (Windows NT 10.0; rv:46.0) Gecko/20100101 Firefox/46.0"
::1 - - [06/Jun/2016:16:03:45 +0000] "GET /css/flat-ui.css HTTP/1.1" 304 - "http://localhost:4001/register" "Mozilla/5.0 (Windows NT 10.0; rv:46.0) Gecko/20100101 Firefox/46.0"
::1 - - [06/Jun/2016:16:03:45 +0000] "GET /css/register.css HTTP/1.1" 304 - "http://localhost:4001/register" "Mozilla/5.0 (Windows NT 10.0; rv:46.0) Gecko/20100101 Firefox/46.0"
::1 - - [06/Jun/2016:16:03:45 +0000] "GET /utils/flat-ui/js/vendor/jquery.min.js HTTP/1.1" 304 - "http://localhost:4001/register" "Mozilla/5.0 (Windows NT 10.0; rv:46.0) Gecko/20100101 Firefox/46.0"
::1 - - [06/Jun/2016:16:03:45 +0000] "GET /utils/flat-ui/js/flat-ui.min.js HTTP/1.1" 304 - "http://localhost:4001/register" "Mozilla/5.0 (Windows NT 10.0; rv:46.0) Gecko/20100101 Firefox/46.0"
::1 - - [06/Jun/2016:16:03:45 +0000] "GET /img/login/icon.png HTTP/1.1" 304 - "http://localhost:4001/register" "Mozilla/5.0 (Windows NT 10.0; rv:46.0) Gecko/20100101 Firefox/46.0"
::1 - - [06/Jun/2016:16:05:37 +0000] "GET /register HTTP/1.1" 200 3132 "http://localhost:4001/register" "Mozilla/5.0 (Windows NT 10.0; rv:46.0) Gecko/20100101 Firefox/46.0"
::1 - - [06/Jun/2016:16:05:37 +0000] "GET /utils/flat-ui/css/vendor/bootstrap/css/bootstrap.min.css HTTP/1.1" 304 - "http://localhost:4001/register" "Mozilla/5.0 (Windows NT 10.0; rv:46.0) Gecko/20100101 Firefox/46.0"
::1 - - [06/Jun/2016:16:05:37 +0000] "GET /utils/flat-ui/css/flat-ui.css HTTP/1.1" 304 - "http://localhost:4001/register" "Mozilla/5.0 (Windows NT 10.0; rv:46.0) Gecko/20100101 Firefox/46.0"
::1 - - [06/Jun/2016:16:05:37 +0000] "GET /css/style.css HTTP/1.1" 304 - "http://localhost:4001/register" "Mozilla/5.0 (Windows NT 10.0; rv:46.0) Gecko/20100101 Firefox/46.0"
::1 - - [06/Jun/2016:16:05:37 +0000] "GET /css/flat-ui.css HTTP/1.1" 304 - "http://localhost:4001/register" "Mozilla/5.0 (Windows NT 10.0; rv:46.0) Gecko/20100101 Firefox/46.0"
::1 - - [06/Jun/2016:16:05:37 +0000] "GET /css/register.css HTTP/1.1" 304 - "http://localhost:4001/register" "Mozilla/5.0 (Windows NT 10.0; rv:46.0) Gecko/20100101 Firefox/46.0"
::1 - - [06/Jun/2016:16:05:37 +0000] "GET /utils/flat-ui/js/vendor/jquery.min.js HTTP/1.1" 304 - "http://localhost:4001/register" "Mozilla/5.0 (Windows NT 10.0; rv:46.0) Gecko/20100101 Firefox/46.0"
::1 - - [06/Jun/2016:16:05:37 +0000] "GET /utils/flat-ui/js/flat-ui.min.js HTTP/1.1" 304 - "http://localhost:4001/register" "Mozilla/5.0 (Windows NT 10.0; rv:46.0) Gecko/20100101 Firefox/46.0"
::1 - - [06/Jun/2016:16:05:37 +0000] "GET /img/login/icon.png HTTP/1.1" 304 - "http://localhost:4001/register" "Mozilla/5.0 (Windows NT 10.0; rv:46.0) Gecko/20100101 Firefox/46.0"
::1 - - [06/Jun/2016:16:05:40 +0000] "GET /login HTTP/1.1" 200 2544 "http://localhost:4001/register" "Mozilla/5.0 (Windows NT 10.0; rv:46.0) Gecko/20100101 Firefox/46.0"
::1 - - [06/Jun/2016:16:05:40 +0000] "GET /utils/flat-ui/css/vendor/bootstrap/css/bootstrap.min.css HTTP/1.1" 304 - "http://localhost:4001/login" "Mozilla/5.0 (Windows NT 10.0; rv:46.0) Gecko/20100101 Firefox/46.0"
::1 - - [06/Jun/2016:16:05:40 +0000] "GET /utils/flat-ui/css/flat-ui.css HTTP/1.1" 304 - "http://localhost:4001/login" "Mozilla/5.0 (Windows NT 10.0; rv:46.0) Gecko/20100101 Firefox/46.0"
::1 - - [06/Jun/2016:16:05:40 +0000] "GET /css/style.css HTTP/1.1" 304 - "http://localhost:4001/login" "Mozilla/5.0 (Windows NT 10.0; rv:46.0) Gecko/20100101 Firefox/46.0"
::1 - - [06/Jun/2016:16:05:40 +0000] "GET /css/flat-ui.css HTTP/1.1" 304 - "http://localhost:4001/login" "Mozilla/5.0 (Windows NT 10.0; rv:46.0) Gecko/20100101 Firefox/46.0"
::1 - - [06/Jun/2016:16:05:40 +0000] "GET /css/register.css HTTP/1.1" 304 - "http://localhost:4001/login" "Mozilla/5.0 (Windows NT 10.0; rv:46.0) Gecko/20100101 Firefox/46.0"
::1 - - [06/Jun/2016:16:05:40 +0000] "GET /utils/flat-ui/js/vendor/jquery.min.js HTTP/1.1" 304 - "http://localhost:4001/login" "Mozilla/5.0 (Windows NT 10.0; rv:46.0) Gecko/20100101 Firefox/46.0"
::1 - - [06/Jun/2016:16:05:40 +0000] "GET /utils/flat-ui/js/flat-ui.min.js HTTP/1.1" 304 - "http://localhost:4001/login" "Mozilla/5.0 (Windows NT 10.0; rv:46.0) Gecko/20100101 Firefox/46.0"
::1 - - [06/Jun/2016:16:05:40 +0000] "GET /img/login/icon.png HTTP/1.1" 304 - "http://localhost:4001/login" "Mozilla/5.0 (Windows NT 10.0; rv:46.0) Gecko/20100101 Firefox/46.0"
::1 - - [06/Jun/2016:16:05:44 +0000] "POST /login HTTP/1.1" 302 54 "http://localhost:4001/login" "Mozilla/5.0 (Windows NT 10.0; rv:46.0) Gecko/20100101 Firefox/46.0"
::1 - - [06/Jun/2016:16:05:44 +0000] "GET /home HTTP/1.1" 200 2818 "http://localhost:4001/login" "Mozilla/5.0 (Windows NT 10.0; rv:46.0) Gecko/20100101 Firefox/46.0"
::1 - - [06/Jun/2016:16:05:44 +0000] "GET /utils/flat-ui/css/vendor/bootstrap/css/bootstrap.min.css HTTP/1.1" 304 - "http://localhost:4001/home" "Mozilla/5.0 (Windows NT 10.0; rv:46.0) Gecko/20100101 Firefox/46.0"
::1 - - [06/Jun/2016:16:05:44 +0000] "GET /utils/flat-ui/css/flat-ui.css HTTP/1.1" 304 - "http://localhost:4001/home" "Mozilla/5.0 (Windows NT 10.0; rv:46.0) Gecko/20100101 Firefox/46.0"
::1 - - [06/Jun/2016:16:05:44 +0000] "GET /css/style.css HTTP/1.1" 304 - "http://localhost:4001/home" "Mozilla/5.0 (Windows NT 10.0; rv:46.0) Gecko/20100101 Firefox/46.0"
::1 - - [06/Jun/2016:16:05:44 +0000] "GET /css/home.css HTTP/1.1" 304 - "http://localhost:4001/home" "Mozilla/5.0 (Windows NT 10.0; rv:46.0) Gecko/20100101 Firefox/46.0"
::1 - - [06/Jun/2016:16:05:44 +0000] "GET /utils/flat-ui/js/vendor/jquery.min.js HTTP/1.1" 304 - "http://localhost:4001/home" "Mozilla/5.0 (Windows NT 10.0; rv:46.0) Gecko/20100101 Firefox/46.0"
::1 - - [06/Jun/2016:16:05:44 +0000] "GET /utils/flat-ui/js/flat-ui.min.js HTTP/1.1" 304 - "http://localhost:4001/home" "Mozilla/5.0 (Windows NT 10.0; rv:46.0) Gecko/20100101 Firefox/46.0"
::1 - - [06/Jun/2016:16:05:44 +0000] "GET /utils/flat-ui/fonts/glyphicons/flat-ui-icons-regular.woff HTTP/1.1" 304 - "http://localhost:4001/utils/flat-ui/css/flat-ui.css" "Mozilla/5.0 (Windows NT 10.0; rv:46.0) Gecko/20100101 Firefox/46.0"
::1 - - [06/Jun/2016:16:05:46 +0000] "GET /projectindex HTTP/1.1" 200 4671 "http://localhost:4001/home" "Mozilla/5.0 (Windows NT 10.0; rv:46.0) Gecko/20100101 Firefox/46.0"
::1 - - [06/Jun/2016:16:05:46 +0000] "GET /utils/flat-ui/css/vendor/bootstrap/css/bootstrap.min.css HTTP/1.1" 304 - "http://localhost:4001/projectindex" "Mozilla/5.0 (Windows NT 10.0; rv:46.0) Gecko/20100101 Firefox/46.0"
::1 - - [06/Jun/2016:16:05:46 +0000] "GET /utils/flat-ui/css/flat-ui.css HTTP/1.1" 304 - "http://localhost:4001/projectindex" "Mozilla/5.0 (Windows NT 10.0; rv:46.0) Gecko/20100101 Firefox/46.0"
::1 - - [06/Jun/2016:16:05:46 +0000] "GET /css/style.css HTTP/1.1" 304 - "http://localhost:4001/projectindex" "Mozilla/5.0 (Windows NT 10.0; rv:46.0) Gecko/20100101 Firefox/46.0"
::1 - - [06/Jun/2016:16:05:46 +0000] "GET /css/home.css HTTP/1.1" 304 - "http://localhost:4001/projectindex" "Mozilla/5.0 (Windows NT 10.0; rv:46.0) Gecko/20100101 Firefox/46.0"
::1 - - [06/Jun/2016:16:05:46 +0000] "GET /css/project-index.css HTTP/1.1" 304 - "http://localhost:4001/projectindex" "Mozilla/5.0 (Windows NT 10.0; rv:46.0) Gecko/20100101 Firefox/46.0"
::1 - - [06/Jun/2016:16:05:46 +0000] "GET /img/tasks.png HTTP/1.1" 304 - "http://localhost:4001/projectindex" "Mozilla/5.0 (Windows NT 10.0; rv:46.0) Gecko/20100101 Firefox/46.0"
::1 - - [06/Jun/2016:16:05:48 +0000] "GET /newproject HTTP/1.1" 200 9660 "http://localhost:4001/projectindex" "Mozilla/5.0 (Windows NT 10.0; rv:46.0) Gecko/20100101 Firefox/46.0"
::1 - - [06/Jun/2016:16:05:48 +0000] "GET /utils/flat-ui/css/vendor/bootstrap/css/bootstrap.min.css HTTP/1.1" 304 - "http://localhost:4001/newproject" "Mozilla/5.0 (Windows NT 10.0; rv:46.0) Gecko/20100101 Firefox/46.0"
::1 - - [06/Jun/2016:16:05:48 +0000] "GET /utils/flat-ui/css/flat-ui.css HTTP/1.1" 304 - "http://localhost:4001/newproject" "Mozilla/5.0 (Windows NT 10.0; rv:46.0) Gecko/20100101 Firefox/46.0"
::1 - - [06/Jun/2016:16:05:48 +0000] "GET /css/style.css HTTP/1.1" 304 - "http://localhost:4001/newproject" "Mozilla/5.0 (Windows NT 10.0; rv:46.0) Gecko/20100101 Firefox/46.0"
::1 - - [06/Jun/2016:16:05:48 +0000] "GET /css/home.css HTTP/1.1" 304 - "http://localhost:4001/newproject" "Mozilla/5.0 (Windows NT 10.0; rv:46.0) Gecko/20100101 Firefox/46.0"
::1 - - [06/Jun/2016:16:05:48 +0000] "GET /utils/flat-ui/js/vendor/jquery.min.js HTTP/1.1" 304 - "http://localhost:4001/newproject" "Mozilla/5.0 (Windows NT 10.0; rv:46.0) Gecko/20100101 Firefox/46.0"
::1 - - [06/Jun/2016:16:05:48 +0000] "GET /js/newproject.js HTTP/1.1" 304 - "http://localhost:4001/newproject" "Mozilla/5.0 (Windows NT 10.0; rv:46.0) Gecko/20100101 Firefox/46.0"
::1 - - [06/Jun/2016:16:05:48 +0000] "GET /css/new-project.css HTTP/1.1" 200 1560 "http://localhost:4001/newproject" "Mozilla/5.0 (Windows NT 10.0; rv:46.0) Gecko/20100101 Firefox/46.0"
::1 - - [06/Jun/2016:16:09:59 +0000] "GET /newproject HTTP/1.1" 302 56 "http://localhost:4001/projectindex" "Mozilla/5.0 (Windows NT 10.0; rv:46.0) Gecko/20100101 Firefox/46.0"
::1 - - [06/Jun/2016:16:09:59 +0000] "GET /login HTTP/1.1" 200 2544 "http://localhost:4001/projectindex" "Mozilla/5.0 (Windows NT 10.0; rv:46.0) Gecko/20100101 Firefox/46.0"
::1 - - [06/Jun/2016:16:09:59 +0000] "GET /utils/flat-ui/css/vendor/bootstrap/css/bootstrap.min.css HTTP/1.1" 304 - "http://localhost:4001/login" "Mozilla/5.0 (Windows NT 10.0; rv:46.0) Gecko/20100101 Firefox/46.0"
::1 - - [06/Jun/2016:16:09:59 +0000] "GET /utils/flat-ui/css/flat-ui.css HTTP/1.1" 304 - "http://localhost:4001/login" "Mozilla/5.0 (Windows NT 10.0; rv:46.0) Gecko/20100101 Firefox/46.0"
::1 - - [06/Jun/2016:16:09:59 +0000] "GET /css/style.css HTTP/1.1" 304 - "http://localhost:4001/login" "Mozilla/5.0 (Windows NT 10.0; rv:46.0) Gecko/20100101 Firefox/46.0"
::1 - - [06/Jun/2016:16:09:59 +0000] "GET /css/flat-ui.css HTTP/1.1" 304 - "http://localhost:4001/login" "Mozilla/5.0 (Windows NT 10.0; rv:46.0) Gecko/20100101 Firefox/46.0"
::1 - - [06/Jun/2016:16:09:59 +0000] "GET /css/register.css HTTP/1.1" 304 - "http://localhost:4001/login" "Mozilla/5.0 (Windows NT 10.0; rv:46.0) Gecko/20100101 Firefox/46.0"
::1 - - [06/Jun/2016:16:09:59 +0000] "GET /utils/flat-ui/js/vendor/jquery.min.js HTTP/1.1" 304 - "http://localhost:4001/login" "Mozilla/5.0 (Windows NT 10.0; rv:46.0) Gecko/20100101 Firefox/46.0"
::1 - - [06/Jun/2016:16:09:59 +0000] "GET /utils/flat-ui/js/flat-ui.min.js HTTP/1.1" 304 - "http://localhost:4001/login" "Mozilla/5.0 (Windows NT 10.0; rv:46.0) Gecko/20100101 Firefox/46.0"
::1 - - [06/Jun/2016:16:09:59 +0000] "GET /img/login/icon.png HTTP/1.1" 304 - "http://localhost:4001/login" "Mozilla/5.0 (Windows NT 10.0; rv:46.0) Gecko/20100101 Firefox/46.0"
::1 - - [06/Jun/2016:16:10:03 +0000] "POST /login HTTP/1.1" 302 54 "http://localhost:4001/login" "Mozilla/5.0 (Windows NT 10.0; rv:46.0) Gecko/20100101 Firefox/46.0"
::1 - - [06/Jun/2016:16:10:03 +0000] "GET /home HTTP/1.1" 200 2818 "http://localhost:4001/login" "Mozilla/5.0 (Windows NT 10.0; rv:46.0) Gecko/20100101 Firefox/46.0"
::1 - - [06/Jun/2016:16:10:03 +0000] "GET /utils/flat-ui/css/vendor/bootstrap/css/bootstrap.min.css HTTP/1.1" 304 - "http://localhost:4001/home" "Mozilla/5.0 (Windows NT 10.0; rv:46.0) Gecko/20100101 Firefox/46.0"
::1 - - [06/Jun/2016:16:10:03 +0000] "GET /utils/flat-ui/css/flat-ui.css HTTP/1.1" 304 - "http://localhost:4001/home" "Mozilla/5.0 (Windows NT 10.0; rv:46.0) Gecko/20100101 Firefox/46.0"
::1 - - [06/Jun/2016:16:10:03 +0000] "GET /css/style.css HTTP/1.1" 304 - "http://localhost:4001/home" "Mozilla/5.0 (Windows NT 10.0; rv:46.0) Gecko/20100101 Firefox/46.0"
::1 - - [06/Jun/2016:16:10:03 +0000] "GET /css/home.css HTTP/1.1" 304 - "http://localhost:4001/home" "Mozilla/5.0 (Windows NT 10.0; rv:46.0) Gecko/20100101 Firefox/46.0"
::1 - - [06/Jun/2016:16:10:03 +0000] "GET /utils/flat-ui/js/vendor/jquery.min.js HTTP/1.1" 304 - "http://localhost:4001/home" "Mozilla/5.0 (Windows NT 10.0; rv:46.0) Gecko/20100101 Firefox/46.0"
::1 - - [06/Jun/2016:16:10:03 +0000] "GET /utils/flat-ui/js/flat-ui.min.js HTTP/1.1" 304 - "http://localhost:4001/home" "Mozilla/5.0 (Windows NT 10.0; rv:46.0) Gecko/20100101 Firefox/46.0"
::1 - - [06/Jun/2016:16:10:04 +0000] "GET /projectindex HTTP/1.1" 304 - "http://localhost:4001/home" "Mozilla/5.0 (Windows NT 10.0; rv:46.0) Gecko/20100101 Firefox/46.0"
::1 - - [06/Jun/2016:16:10:04 +0000] "GET /utils/flat-ui/css/vendor/bootstrap/css/bootstrap.min.css HTTP/1.1" 304 - "http://localhost:4001/projectindex" "Mozilla/5.0 (Windows NT 10.0; rv:46.0) Gecko/20100101 Firefox/46.0"
::1 - - [06/Jun/2016:16:10:04 +0000] "GET /utils/flat-ui/css/flat-ui.css HTTP/1.1" 304 - "http://localhost:4001/projectindex" "Mozilla/5.0 (Windows NT 10.0; rv:46.0) Gecko/20100101 Firefox/46.0"
::1 - - [06/Jun/2016:16:10:04 +0000] "GET /css/style.css HTTP/1.1" 304 - "http://localhost:4001/projectindex" "Mozilla/5.0 (Windows NT 10.0; rv:46.0) Gecko/20100101 Firefox/46.0"
::1 - - [06/Jun/2016:16:10:04 +0000] "GET /css/home.css HTTP/1.1" 304 - "http://localhost:4001/projectindex" "Mozilla/5.0 (Windows NT 10.0; rv:46.0) Gecko/20100101 Firefox/46.0"
::1 - - [06/Jun/2016:16:10:04 +0000] "GET /css/project-index.css HTTP/1.1" 304 - "http://localhost:4001/projectindex" "Mozilla/5.0 (Windows NT 10.0; rv:46.0) Gecko/20100101 Firefox/46.0"
::1 - - [06/Jun/2016:16:10:04 +0000] "GET /img/tasks.png HTTP/1.1" 304 - "http://localhost:4001/projectindex" "Mozilla/5.0 (Windows NT 10.0; rv:46.0) Gecko/20100101 Firefox/46.0"
::1 - - [06/Jun/2016:16:10:06 +0000] "GET /newproject HTTP/1.1" 200 9586 "http://localhost:4001/projectindex" "Mozilla/5.0 (Windows NT 10.0; rv:46.0) Gecko/20100101 Firefox/46.0"
::1 - - [06/Jun/2016:16:10:06 +0000] "GET /utils/flat-ui/css/vendor/bootstrap/css/bootstrap.min.css HTTP/1.1" 304 - "http://localhost:4001/newproject" "Mozilla/5.0 (Windows NT 10.0; rv:46.0) Gecko/20100101 Firefox/46.0"
::1 - - [06/Jun/2016:16:10:06 +0000] "GET /utils/flat-ui/css/flat-ui.css HTTP/1.1" 304 - "http://localhost:4001/newproject" "Mozilla/5.0 (Windows NT 10.0; rv:46.0) Gecko/20100101 Firefox/46.0"
::1 - - [06/Jun/2016:16:10:06 +0000] "GET /css/style.css HTTP/1.1" 304 - "http://localhost:4001/newproject" "Mozilla/5.0 (Windows NT 10.0; rv:46.0) Gecko/20100101 Firefox/46.0"
::1 - - [06/Jun/2016:16:10:06 +0000] "GET /css/home.css HTTP/1.1" 304 - "http://localhost:4001/newproject" "Mozilla/5.0 (Windows NT 10.0; rv:46.0) Gecko/20100101 Firefox/46.0"
::1 - - [06/Jun/2016:16:10:06 +0000] "GET /css/new-project.css HTTP/1.1" 304 - "http://localhost:4001/newproject" "Mozilla/5.0 (Windows NT 10.0; rv:46.0) Gecko/20100101 Firefox/46.0"
::1 - - [06/Jun/2016:16:10:06 +0000] "GET /utils/flat-ui/js/vendor/jquery.min.js HTTP/1.1" 304 - "http://localhost:4001/newproject" "Mozilla/5.0 (Windows NT 10.0; rv:46.0) Gecko/20100101 Firefox/46.0"
::1 - - [06/Jun/2016:16:10:06 +0000] "GET /js/newproject.js HTTP/1.1" 304 - "http://localhost:4001/newproject" "Mozilla/5.0 (Windows NT 10.0; rv:46.0) Gecko/20100101 Firefox/46.0"
::1 - - [06/Jun/2016:16:12:39 +0000] "GET /newproject HTTP/1.1" 200 9709 "http://localhost:4001/projectindex" "Mozilla/5.0 (Windows NT 10.0; rv:46.0) Gecko/20100101 Firefox/46.0"
::1 - - [06/Jun/2016:16:12:39 +0000] "GET /css/new-project.css HTTP/1.1" 304 - "http://localhost:4001/newproject" "Mozilla/5.0 (Windows NT 10.0; rv:46.0) Gecko/20100101 Firefox/46.0"
::1 - - [06/Jun/2016:16:12:39 +0000] "GET /utils/flat-ui/css/vendor/bootstrap/css/bootstrap.min.css HTTP/1.1" 304 - "http://localhost:4001/newproject" "Mozilla/5.0 (Windows NT 10.0; rv:46.0) Gecko/20100101 Firefox/46.0"
::1 - - [06/Jun/2016:16:12:39 +0000] "GET /utils/flat-ui/css/flat-ui.css HTTP/1.1" 304 - "http://localhost:4001/newproject" "Mozilla/5.0 (Windows NT 10.0; rv:46.0) Gecko/20100101 Firefox/46.0"
::1 - - [06/Jun/2016:16:12:39 +0000] "GET /css/home.css HTTP/1.1" 304 - "http://localhost:4001/newproject" "Mozilla/5.0 (Windows NT 10.0; rv:46.0) Gecko/20100101 Firefox/46.0"
::1 - - [06/Jun/2016:16:12:39 +0000] "GET /js/newproject.js HTTP/1.1" 304 - "http://localhost:4001/newproject" "Mozilla/5.0 (Windows NT 10.0; rv:46.0) Gecko/20100101 Firefox/46.0"
::1 - - [06/Jun/2016:16:12:39 +0000] "GET /utils/flat-ui/js/vendor/jquery.min.js HTTP/1.1" 304 - "http://localhost:4001/newproject" "Mozilla/5.0 (Windows NT 10.0; rv:46.0) Gecko/20100101 Firefox/46.0"
::1 - - [06/Jun/2016:16:12:39 +0000] "GET /assets/default_avatars/noon.jpg HTTP/1.1" 404 44 "http://localhost:4001/newproject" "Mozilla/5.0 (Windows NT 10.0; rv:46.0) Gecko/20100101 Firefox/46.0"
::1 - - [06/Jun/2016:16:12:40 +0000] "GET /assets/default_avatars/noon.jpg HTTP/1.1" 404 44 "http://localhost:4001/newproject" "Mozilla/5.0 (Windows NT 10.0; rv:46.0) Gecko/20100101 Firefox/46.0"
::1 - - [06/Jun/2016:16:15:58 +0000] "GET /projectindex HTTP/1.1" 304 - "-" "Mozilla/5.0 (Windows NT 10.0; rv:46.0) Gecko/20100101 Firefox/46.0"
::1 - - [06/Jun/2016:16:15:58 +0000] "GET /utils/flat-ui/css/vendor/bootstrap/css/bootstrap.min.css HTTP/1.1" 304 - "http://localhost:4001/projectindex" "Mozilla/5.0 (Windows NT 10.0; rv:46.0) Gecko/20100101 Firefox/46.0"
::1 - - [06/Jun/2016:16:15:58 +0000] "GET /utils/flat-ui/css/flat-ui.css HTTP/1.1" 304 - "http://localhost:4001/projectindex" "Mozilla/5.0 (Windows NT 10.0; rv:46.0) Gecko/20100101 Firefox/46.0"
::1 - - [06/Jun/2016:16:15:58 +0000] "GET /css/style.css HTTP/1.1" 304 - "http://localhost:4001/projectindex" "Mozilla/5.0 (Windows NT 10.0; rv:46.0) Gecko/20100101 Firefox/46.0"
::1 - - [06/Jun/2016:16:15:58 +0000] "GET /css/home.css HTTP/1.1" 304 - "http://localhost:4001/projectindex" "Mozilla/5.0 (Windows NT 10.0; rv:46.0) Gecko/20100101 Firefox/46.0"
::1 - - [06/Jun/2016:16:15:58 +0000] "GET /css/project-index.css HTTP/1.1" 304 - "http://localhost:4001/projectindex" "Mozilla/5.0 (Windows NT 10.0; rv:46.0) Gecko/20100101 Firefox/46.0"
::1 - - [06/Jun/2016:16:15:58 +0000] "GET /img/tasks.png HTTP/1.1" 304 - "http://localhost:4001/projectindex" "Mozilla/5.0 (Windows NT 10.0; rv:46.0) Gecko/20100101 Firefox/46.0"
::1 - - [06/Jun/2016:16:16:00 +0000] "GET /projectindex HTTP/1.1" 304 - "-" "Mozilla/5.0 (Windows NT 10.0; rv:46.0) Gecko/20100101 Firefox/46.0"
::1 - - [06/Jun/2016:16:16:00 +0000] "GET /utils/flat-ui/css/vendor/bootstrap/css/bootstrap.min.css HTTP/1.1" 304 - "http://localhost:4001/projectindex" "Mozilla/5.0 (Windows NT 10.0; rv:46.0) Gecko/20100101 Firefox/46.0"
::1 - - [06/Jun/2016:16:16:00 +0000] "GET /utils/flat-ui/css/flat-ui.css HTTP/1.1" 304 - "http://localhost:4001/projectindex" "Mozilla/5.0 (Windows NT 10.0; rv:46.0) Gecko/20100101 Firefox/46.0"
::1 - - [06/Jun/2016:16:16:00 +0000] "GET /css/style.css HTTP/1.1" 304 - "http://localhost:4001/projectindex" "Mozilla/5.0 (Windows NT 10.0; rv:46.0) Gecko/20100101 Firefox/46.0"
::1 - - [06/Jun/2016:16:16:00 +0000] "GET /css/home.css HTTP/1.1" 304 - "http://localhost:4001/projectindex" "Mozilla/5.0 (Windows NT 10.0; rv:46.0) Gecko/20100101 Firefox/46.0"
::1 - - [06/Jun/2016:16:16:00 +0000] "GET /css/project-index.css HTTP/1.1" 304 - "http://localhost:4001/projectindex" "Mozilla/5.0 (Windows NT 10.0; rv:46.0) Gecko/20100101 Firefox/46.0"
::1 - - [06/Jun/2016:16:16:00 +0000] "GET /img/tasks.png HTTP/1.1" 304 - "http://localhost:4001/projectindex" "Mozilla/5.0 (Windows NT 10.0; rv:46.0) Gecko/20100101 Firefox/46.0"
::1 - - [06/Jun/2016:16:16:02 +0000] "GET /newproject HTTP/1.1" 200 9441 "http://localhost:4001/projectindex" "Mozilla/5.0 (Windows NT 10.0; rv:46.0) Gecko/20100101 Firefox/46.0"
::1 - - [06/Jun/2016:16:16:02 +0000] "GET /utils/flat-ui/css/vendor/bootstrap/css/bootstrap.min.css HTTP/1.1" 304 - "http://localhost:4001/newproject" "Mozilla/5.0 (Windows NT 10.0; rv:46.0) Gecko/20100101 Firefox/46.0"
::1 - - [06/Jun/2016:16:16:02 +0000] "GET /utils/flat-ui/css/flat-ui.css HTTP/1.1" 304 - "http://localhost:4001/newproject" "Mozilla/5.0 (Windows NT 10.0; rv:46.0) Gecko/20100101 Firefox/46.0"
::1 - - [06/Jun/2016:16:16:02 +0000] "GET /css/style.css HTTP/1.1" 304 - "http://localhost:4001/newproject" "Mozilla/5.0 (Windows NT 10.0; rv:46.0) Gecko/20100101 Firefox/46.0"
::1 - - [06/Jun/2016:16:16:02 +0000] "GET /css/home.css HTTP/1.1" 304 - "http://localhost:4001/newproject" "Mozilla/5.0 (Windows NT 10.0; rv:46.0) Gecko/20100101 Firefox/46.0"
::1 - - [06/Jun/2016:16:16:02 +0000] "GET /css/new-project.css HTTP/1.1" 304 - "http://localhost:4001/newproject" "Mozilla/5.0 (Windows NT 10.0; rv:46.0) Gecko/20100101 Firefox/46.0"
::1 - - [06/Jun/2016:16:16:02 +0000] "GET /utils/flat-ui/js/vendor/jquery.min.js HTTP/1.1" 304 - "http://localhost:4001/newproject" "Mozilla/5.0 (Windows NT 10.0; rv:46.0) Gecko/20100101 Firefox/46.0"
::1 - - [06/Jun/2016:16:16:02 +0000] "GET /js/newproject.js HTTP/1.1" 304 - "http://localhost:4001/newproject" "Mozilla/5.0 (Windows NT 10.0; rv:46.0) Gecko/20100101 Firefox/46.0"
::1 - - [06/Jun/2016:16:16:39 +0000] "POST /newproject HTTP/1.1" 200 18 "http://localhost:4001/newproject" "Mozilla/5.0 (Windows NT 10.0; rv:46.0) Gecko/20100101 Firefox/46.0"
::1 - - [06/Jun/2016:16:18:51 +0000] "GET /projectindex HTTP/1.1" 302 56 "http://localhost:4001/newproject" "Mozilla/5.0 (Windows NT 10.0; rv:46.0) Gecko/20100101 Firefox/46.0"
::1 - - [06/Jun/2016:16:18:51 +0000] "GET /login HTTP/1.1" 200 2544 "http://localhost:4001/newproject" "Mozilla/5.0 (Windows NT 10.0; rv:46.0) Gecko/20100101 Firefox/46.0"
::1 - - [06/Jun/2016:16:18:51 +0000] "GET /utils/flat-ui/css/vendor/bootstrap/css/bootstrap.min.css HTTP/1.1" 304 - "http://localhost:4001/login" "Mozilla/5.0 (Windows NT 10.0; rv:46.0) Gecko/20100101 Firefox/46.0"
::1 - - [06/Jun/2016:16:18:51 +0000] "GET /utils/flat-ui/css/flat-ui.css HTTP/1.1" 304 - "http://localhost:4001/login" "Mozilla/5.0 (Windows NT 10.0; rv:46.0) Gecko/20100101 Firefox/46.0"
::1 - - [06/Jun/2016:16:18:51 +0000] "GET /css/style.css HTTP/1.1" 304 - "http://localhost:4001/login" "Mozilla/5.0 (Windows NT 10.0; rv:46.0) Gecko/20100101 Firefox/46.0"
::1 - - [06/Jun/2016:16:18:51 +0000] "GET /css/flat-ui.css HTTP/1.1" 304 - "http://localhost:4001/login" "Mozilla/5.0 (Windows NT 10.0; rv:46.0) Gecko/20100101 Firefox/46.0"
::1 - - [06/Jun/2016:16:18:51 +0000] "GET /utils/flat-ui/js/vendor/jquery.min.js HTTP/1.1" 304 - "http://localhost:4001/login" "Mozilla/5.0 (Windows NT 10.0; rv:46.0) Gecko/20100101 Firefox/46.0"
::1 - - [06/Jun/2016:16:18:51 +0000] "GET /css/register.css HTTP/1.1" 304 - "http://localhost:4001/login" "Mozilla/5.0 (Windows NT 10.0; rv:46.0) Gecko/20100101 Firefox/46.0"
::1 - - [06/Jun/2016:16:18:51 +0000] "GET /utils/flat-ui/js/flat-ui.min.js HTTP/1.1" 304 - "http://localhost:4001/login" "Mozilla/5.0 (Windows NT 10.0; rv:46.0) Gecko/20100101 Firefox/46.0"
::1 - - [06/Jun/2016:16:18:51 +0000] "GET /img/login/icon.png HTTP/1.1" 304 - "http://localhost:4001/login" "Mozilla/5.0 (Windows NT 10.0; rv:46.0) Gecko/20100101 Firefox/46.0"
::1 - - [06/Jun/2016:16:18:54 +0000] "POST /login HTTP/1.1" 302 54 "http://localhost:4001/login" "Mozilla/5.0 (Windows NT 10.0; rv:46.0) Gecko/20100101 Firefox/46.0"
::1 - - [06/Jun/2016:16:18:54 +0000] "GET /home HTTP/1.1" 200 2818 "http://localhost:4001/login" "Mozilla/5.0 (Windows NT 10.0; rv:46.0) Gecko/20100101 Firefox/46.0"
::1 - - [06/Jun/2016:16:18:54 +0000] "GET /utils/flat-ui/css/vendor/bootstrap/css/bootstrap.min.css HTTP/1.1" 304 - "http://localhost:4001/home" "Mozilla/5.0 (Windows NT 10.0; rv:46.0) Gecko/20100101 Firefox/46.0"
::1 - - [06/Jun/2016:16:18:54 +0000] "GET /utils/flat-ui/css/flat-ui.css HTTP/1.1" 304 - "http://localhost:4001/home" "Mozilla/5.0 (Windows NT 10.0; rv:46.0) Gecko/20100101 Firefox/46.0"
::1 - - [06/Jun/2016:16:18:54 +0000] "GET /css/style.css HTTP/1.1" 304 - "http://localhost:4001/home" "Mozilla/5.0 (Windows NT 10.0; rv:46.0) Gecko/20100101 Firefox/46.0"
::1 - - [06/Jun/2016:16:18:54 +0000] "GET /css/home.css HTTP/1.1" 304 - "http://localhost:4001/home" "Mozilla/5.0 (Windows NT 10.0; rv:46.0) Gecko/20100101 Firefox/46.0"
::1 - - [06/Jun/2016:16:18:54 +0000] "GET /utils/flat-ui/js/vendor/jquery.min.js HTTP/1.1" 304 - "http://localhost:4001/home" "Mozilla/5.0 (Windows NT 10.0; rv:46.0) Gecko/20100101 Firefox/46.0"
::1 - - [06/Jun/2016:16:18:54 +0000] "GET /utils/flat-ui/js/flat-ui.min.js HTTP/1.1" 304 - "http://localhost:4001/home" "Mozilla/5.0 (Windows NT 10.0; rv:46.0) Gecko/20100101 Firefox/46.0"
::1 - - [06/Jun/2016:16:18:56 +0000] "GET /projectindex HTTP/1.1" 200 4946 "http://localhost:4001/home" "Mozilla/5.0 (Windows NT 10.0; rv:46.0) Gecko/20100101 Firefox/46.0"
::1 - - [06/Jun/2016:16:18:56 +0000] "GET /utils/flat-ui/css/vendor/bootstrap/css/bootstrap.min.css HTTP/1.1" 304 - "http://localhost:4001/projectindex" "Mozilla/5.0 (Windows NT 10.0; rv:46.0) Gecko/20100101 Firefox/46.0"
::1 - - [06/Jun/2016:16:18:56 +0000] "GET /utils/flat-ui/css/flat-ui.css HTTP/1.1" 304 - "http://localhost:4001/projectindex" "Mozilla/5.0 (Windows NT 10.0; rv:46.0) Gecko/20100101 Firefox/46.0"
::1 - - [06/Jun/2016:16:18:56 +0000] "GET /css/style.css HTTP/1.1" 304 - "http://localhost:4001/projectindex" "Mozilla/5.0 (Windows NT 10.0; rv:46.0) Gecko/20100101 Firefox/46.0"
::1 - - [06/Jun/2016:16:18:56 +0000] "GET /css/home.css HTTP/1.1" 304 - "http://localhost:4001/projectindex" "Mozilla/5.0 (Windows NT 10.0; rv:46.0) Gecko/20100101 Firefox/46.0"
::1 - - [06/Jun/2016:16:18:56 +0000] "GET /css/project-index.css HTTP/1.1" 304 - "http://localhost:4001/projectindex" "Mozilla/5.0 (Windows NT 10.0; rv:46.0) Gecko/20100101 Firefox/46.0"
::1 - - [06/Jun/2016:16:18:56 +0000] "GET /img/tasks.png HTTP/1.1" 304 - "http://localhost:4001/projectindex" "Mozilla/5.0 (Windows NT 10.0; rv:46.0) Gecko/20100101 Firefox/46.0"
::1 - - [06/Jun/2016:16:18:57 +0000] "GET /newproject HTTP/1.1" 200 9441 "http://localhost:4001/projectindex" "Mozilla/5.0 (Windows NT 10.0; rv:46.0) Gecko/20100101 Firefox/46.0"
::1 - - [06/Jun/2016:16:18:57 +0000] "GET /utils/flat-ui/css/vendor/bootstrap/css/bootstrap.min.css HTTP/1.1" 304 - "http://localhost:4001/newproject" "Mozilla/5.0 (Windows NT 10.0; rv:46.0) Gecko/20100101 Firefox/46.0"
::1 - - [06/Jun/2016:16:18:57 +0000] "GET /utils/flat-ui/css/flat-ui.css HTTP/1.1" 304 - "http://localhost:4001/newproject" "Mozilla/5.0 (Windows NT 10.0; rv:46.0) Gecko/20100101 Firefox/46.0"
::1 - - [06/Jun/2016:16:18:57 +0000] "GET /css/style.css HTTP/1.1" 304 - "http://localhost:4001/newproject" "Mozilla/5.0 (Windows NT 10.0; rv:46.0) Gecko/20100101 Firefox/46.0"
::1 - - [06/Jun/2016:16:18:57 +0000] "GET /css/home.css HTTP/1.1" 304 - "http://localhost:4001/newproject" "Mozilla/5.0 (Windows NT 10.0; rv:46.0) Gecko/20100101 Firefox/46.0"
::1 - - [06/Jun/2016:16:18:57 +0000] "GET /css/new-project.css HTTP/1.1" 304 - "http://localhost:4001/newproject" "Mozilla/5.0 (Windows NT 10.0; rv:46.0) Gecko/20100101 Firefox/46.0"
::1 - - [06/Jun/2016:16:18:57 +0000] "GET /utils/flat-ui/js/vendor/jquery.min.js HTTP/1.1" 304 - "http://localhost:4001/newproject" "Mozilla/5.0 (Windows NT 10.0; rv:46.0) Gecko/20100101 Firefox/46.0"
::1 - - [06/Jun/2016:16:18:57 +0000] "GET /js/newproject.js HTTP/1.1" 304 - "http://localhost:4001/newproject" "Mozilla/5.0 (Windows NT 10.0; rv:46.0) Gecko/20100101 Firefox/46.0"
::1 - - [06/Jun/2016:16:19:10 +0000] "POST /newproject HTTP/1.1" 200 18 "http://localhost:4001/newproject" "Mozilla/5.0 (Windows NT 10.0; rv:46.0) Gecko/20100101 Firefox/46.0"
::1 - - [06/Jun/2016:16:19:11 +0000] "GET /projectindex HTTP/1.1" 200 5497 "http://localhost:4001/newproject" "Mozilla/5.0 (Windows NT 10.0; rv:46.0) Gecko/20100101 Firefox/46.0"
::1 - - [06/Jun/2016:16:19:12 +0000] "GET /utils/flat-ui/css/vendor/bootstrap/css/bootstrap.min.css HTTP/1.1" 304 - "http://localhost:4001/projectindex" "Mozilla/5.0 (Windows NT 10.0; rv:46.0) Gecko/20100101 Firefox/46.0"
::1 - - [06/Jun/2016:16:19:12 +0000] "GET /utils/flat-ui/css/flat-ui.css HTTP/1.1" 304 - "http://localhost:4001/projectindex" "Mozilla/5.0 (Windows NT 10.0; rv:46.0) Gecko/20100101 Firefox/46.0"
::1 - - [06/Jun/2016:16:19:12 +0000] "GET /css/style.css HTTP/1.1" 304 - "http://localhost:4001/projectindex" "Mozilla/5.0 (Windows NT 10.0; rv:46.0) Gecko/20100101 Firefox/46.0"
::1 - - [06/Jun/2016:16:19:12 +0000] "GET /css/home.css HTTP/1.1" 304 - "http://localhost:4001/projectindex" "Mozilla/5.0 (Windows NT 10.0; rv:46.0) Gecko/20100101 Firefox/46.0"
::1 - - [06/Jun/2016:16:19:12 +0000] "GET /css/project-index.css HTTP/1.1" 304 - "http://localhost:4001/projectindex" "Mozilla/5.0 (Windows NT 10.0; rv:46.0) Gecko/20100101 Firefox/46.0"
::1 - - [06/Jun/2016:16:19:12 +0000] "GET /img/tasks.png HTTP/1.1" 304 - "http://localhost:4001/projectindex" "Mozilla/5.0 (Windows NT 10.0; rv:46.0) Gecko/20100101 Firefox/46.0"
::1 - - [06/Jun/2016:16:25:39 +0000] "GET /projectindex HTTP/1.1" 302 56 "http://localhost:4001/newproject" "Mozilla/5.0 (Windows NT 10.0; rv:46.0) Gecko/20100101 Firefox/46.0"
::1 - - [06/Jun/2016:16:25:39 +0000] "GET /login HTTP/1.1" 200 2544 "http://localhost:4001/newproject" "Mozilla/5.0 (Windows NT 10.0; rv:46.0) Gecko/20100101 Firefox/46.0"
::1 - - [06/Jun/2016:16:25:39 +0000] "GET /utils/flat-ui/css/vendor/bootstrap/css/bootstrap.min.css HTTP/1.1" 304 - "http://localhost:4001/login" "Mozilla/5.0 (Windows NT 10.0; rv:46.0) Gecko/20100101 Firefox/46.0"
::1 - - [06/Jun/2016:16:25:39 +0000] "GET /utils/flat-ui/css/flat-ui.css HTTP/1.1" 304 - "http://localhost:4001/login" "Mozilla/5.0 (Windows NT 10.0; rv:46.0) Gecko/20100101 Firefox/46.0"
::1 - - [06/Jun/2016:16:25:39 +0000] "GET /css/style.css HTTP/1.1" 304 - "http://localhost:4001/login" "Mozilla/5.0 (Windows NT 10.0; rv:46.0) Gecko/20100101 Firefox/46.0"
::1 - - [06/Jun/2016:16:25:39 +0000] "GET /css/flat-ui.css HTTP/1.1" 304 - "http://localhost:4001/login" "Mozilla/5.0 (Windows NT 10.0; rv:46.0) Gecko/20100101 Firefox/46.0"
::1 - - [06/Jun/2016:16:25:39 +0000] "GET /utils/flat-ui/js/vendor/jquery.min.js HTTP/1.1" 304 - "http://localhost:4001/login" "Mozilla/5.0 (Windows NT 10.0; rv:46.0) Gecko/20100101 Firefox/46.0"
::1 - - [06/Jun/2016:16:25:39 +0000] "GET /css/register.css HTTP/1.1" 304 - "http://localhost:4001/login" "Mozilla/5.0 (Windows NT 10.0; rv:46.0) Gecko/20100101 Firefox/46.0"
::1 - - [06/Jun/2016:16:25:39 +0000] "GET /utils/flat-ui/js/flat-ui.min.js HTTP/1.1" 304 - "http://localhost:4001/login" "Mozilla/5.0 (Windows NT 10.0; rv:46.0) Gecko/20100101 Firefox/46.0"
::1 - - [06/Jun/2016:16:25:39 +0000] "GET /img/login/icon.png HTTP/1.1" 304 - "http://localhost:4001/login" "Mozilla/5.0 (Windows NT 10.0; rv:46.0) Gecko/20100101 Firefox/46.0"
::1 - - [06/Jun/2016:16:25:42 +0000] "POST /login HTTP/1.1" 302 54 "http://localhost:4001/login" "Mozilla/5.0 (Windows NT 10.0; rv:46.0) Gecko/20100101 Firefox/46.0"
::1 - - [06/Jun/2016:16:25:42 +0000] "GET /home HTTP/1.1" 200 2818 "http://localhost:4001/login" "Mozilla/5.0 (Windows NT 10.0; rv:46.0) Gecko/20100101 Firefox/46.0"
::1 - - [06/Jun/2016:16:25:42 +0000] "GET /utils/flat-ui/css/vendor/bootstrap/css/bootstrap.min.css HTTP/1.1" 304 - "http://localhost:4001/home" "Mozilla/5.0 (Windows NT 10.0; rv:46.0) Gecko/20100101 Firefox/46.0"
::1 - - [06/Jun/2016:16:25:42 +0000] "GET /utils/flat-ui/css/flat-ui.css HTTP/1.1" 304 - "http://localhost:4001/home" "Mozilla/5.0 (Windows NT 10.0; rv:46.0) Gecko/20100101 Firefox/46.0"
::1 - - [06/Jun/2016:16:25:42 +0000] "GET /css/style.css HTTP/1.1" 304 - "http://localhost:4001/home" "Mozilla/5.0 (Windows NT 10.0; rv:46.0) Gecko/20100101 Firefox/46.0"
::1 - - [06/Jun/2016:16:25:42 +0000] "GET /css/home.css HTTP/1.1" 304 - "http://localhost:4001/home" "Mozilla/5.0 (Windows NT 10.0; rv:46.0) Gecko/20100101 Firefox/46.0"
::1 - - [06/Jun/2016:16:25:42 +0000] "GET /utils/flat-ui/js/vendor/jquery.min.js HTTP/1.1" 304 - "http://localhost:4001/home" "Mozilla/5.0 (Windows NT 10.0; rv:46.0) Gecko/20100101 Firefox/46.0"
::1 - - [06/Jun/2016:16:25:42 +0000] "GET /utils/flat-ui/js/flat-ui.min.js HTTP/1.1" 304 - "http://localhost:4001/home" "Mozilla/5.0 (Windows NT 10.0; rv:46.0) Gecko/20100101 Firefox/46.0"
::1 - - [06/Jun/2016:16:25:44 +0000] "GET /projectindex HTTP/1.1" 200 5222 "http://localhost:4001/home" "Mozilla/5.0 (Windows NT 10.0; rv:46.0) Gecko/20100101 Firefox/46.0"
::1 - - [06/Jun/2016:16:25:44 +0000] "GET /utils/flat-ui/css/vendor/bootstrap/css/bootstrap.min.css HTTP/1.1" 304 - "http://localhost:4001/projectindex" "Mozilla/5.0 (Windows NT 10.0; rv:46.0) Gecko/20100101 Firefox/46.0"
::1 - - [06/Jun/2016:16:25:44 +0000] "GET /utils/flat-ui/css/flat-ui.css HTTP/1.1" 304 - "http://localhost:4001/projectindex" "Mozilla/5.0 (Windows NT 10.0; rv:46.0) Gecko/20100101 Firefox/46.0"
::1 - - [06/Jun/2016:16:25:44 +0000] "GET /css/style.css HTTP/1.1" 304 - "http://localhost:4001/projectindex" "Mozilla/5.0 (Windows NT 10.0; rv:46.0) Gecko/20100101 Firefox/46.0"
::1 - - [06/Jun/2016:16:25:44 +0000] "GET /css/home.css HTTP/1.1" 304 - "http://localhost:4001/projectindex" "Mozilla/5.0 (Windows NT 10.0; rv:46.0) Gecko/20100101 Firefox/46.0"
::1 - - [06/Jun/2016:16:25:44 +0000] "GET /css/project-index.css HTTP/1.1" 304 - "http://localhost:4001/projectindex" "Mozilla/5.0 (Windows NT 10.0; rv:46.0) Gecko/20100101 Firefox/46.0"
::1 - - [06/Jun/2016:16:25:44 +0000] "GET /img/tasks.png HTTP/1.1" 304 - "http://localhost:4001/projectindex" "Mozilla/5.0 (Windows NT 10.0; rv:46.0) Gecko/20100101 Firefox/46.0"
::1 - - [06/Jun/2016:16:25:45 +0000] "GET /newproject HTTP/1.1" 200 9441 "http://localhost:4001/projectindex" "Mozilla/5.0 (Windows NT 10.0; rv:46.0) Gecko/20100101 Firefox/46.0"
::1 - - [06/Jun/2016:16:25:45 +0000] "GET /utils/flat-ui/css/vendor/bootstrap/css/bootstrap.min.css HTTP/1.1" 304 - "http://localhost:4001/newproject" "Mozilla/5.0 (Windows NT 10.0; rv:46.0) Gecko/20100101 Firefox/46.0"
::1 - - [06/Jun/2016:16:25:45 +0000] "GET /utils/flat-ui/css/flat-ui.css HTTP/1.1" 304 - "http://localhost:4001/newproject" "Mozilla/5.0 (Windows NT 10.0; rv:46.0) Gecko/20100101 Firefox/46.0"
::1 - - [06/Jun/2016:16:25:45 +0000] "GET /css/style.css HTTP/1.1" 304 - "http://localhost:4001/newproject" "Mozilla/5.0 (Windows NT 10.0; rv:46.0) Gecko/20100101 Firefox/46.0"
::1 - - [06/Jun/2016:16:25:45 +0000] "GET /css/home.css HTTP/1.1" 304 - "http://localhost:4001/newproject" "Mozilla/5.0 (Windows NT 10.0; rv:46.0) Gecko/20100101 Firefox/46.0"
::1 - - [06/Jun/2016:16:25:45 +0000] "GET /css/new-project.css HTTP/1.1" 304 - "http://localhost:4001/newproject" "Mozilla/5.0 (Windows NT 10.0; rv:46.0) Gecko/20100101 Firefox/46.0"
::1 - - [06/Jun/2016:16:25:45 +0000] "GET /utils/flat-ui/js/vendor/jquery.min.js HTTP/1.1" 304 - "http://localhost:4001/newproject" "Mozilla/5.0 (Windows NT 10.0; rv:46.0) Gecko/20100101 Firefox/46.0"
::1 - - [06/Jun/2016:16:25:45 +0000] "GET /js/newproject.js HTTP/1.1" 304 - "http://localhost:4001/newproject" "Mozilla/5.0 (Windows NT 10.0; rv:46.0) Gecko/20100101 Firefox/46.0"
::1 - - [06/Jun/2016:16:25:59 +0000] "POST /newproject HTTP/1.1" 200 18 "http://localhost:4001/newproject" "Mozilla/5.0 (Windows NT 10.0; rv:46.0) Gecko/20100101 Firefox/46.0"
::1 - - [06/Jun/2016:16:28:16 +0000] "GET /projectindex HTTP/1.1" 302 56 "http://localhost:4001/newproject" "Mozilla/5.0 (Windows NT 10.0; rv:46.0) Gecko/20100101 Firefox/46.0"
::1 - - [06/Jun/2016:16:28:16 +0000] "GET /login HTTP/1.1" 200 2544 "http://localhost:4001/newproject" "Mozilla/5.0 (Windows NT 10.0; rv:46.0) Gecko/20100101 Firefox/46.0"
::1 - - [06/Jun/2016:16:28:16 +0000] "GET /utils/flat-ui/css/vendor/bootstrap/css/bootstrap.min.css HTTP/1.1" 304 - "http://localhost:4001/login" "Mozilla/5.0 (Windows NT 10.0; rv:46.0) Gecko/20100101 Firefox/46.0"
::1 - - [06/Jun/2016:16:28:16 +0000] "GET /utils/flat-ui/css/flat-ui.css HTTP/1.1" 304 - "http://localhost:4001/login" "Mozilla/5.0 (Windows NT 10.0; rv:46.0) Gecko/20100101 Firefox/46.0"
::1 - - [06/Jun/2016:16:28:16 +0000] "GET /css/style.css HTTP/1.1" 304 - "http://localhost:4001/login" "Mozilla/5.0 (Windows NT 10.0; rv:46.0) Gecko/20100101 Firefox/46.0"
::1 - - [06/Jun/2016:16:28:16 +0000] "GET /css/flat-ui.css HTTP/1.1" 304 - "http://localhost:4001/login" "Mozilla/5.0 (Windows NT 10.0; rv:46.0) Gecko/20100101 Firefox/46.0"
::1 - - [06/Jun/2016:16:28:16 +0000] "GET /css/register.css HTTP/1.1" 304 - "http://localhost:4001/login" "Mozilla/5.0 (Windows NT 10.0; rv:46.0) Gecko/20100101 Firefox/46.0"
::1 - - [06/Jun/2016:16:28:16 +0000] "GET /utils/flat-ui/js/vendor/jquery.min.js HTTP/1.1" 304 - "http://localhost:4001/login" "Mozilla/5.0 (Windows NT 10.0; rv:46.0) Gecko/20100101 Firefox/46.0"
::1 - - [06/Jun/2016:16:28:16 +0000] "GET /utils/flat-ui/js/flat-ui.min.js HTTP/1.1" 304 - "http://localhost:4001/login" "Mozilla/5.0 (Windows NT 10.0; rv:46.0) Gecko/20100101 Firefox/46.0"
::1 - - [06/Jun/2016:16:28:16 +0000] "GET /img/login/icon.png HTTP/1.1" 304 - "http://localhost:4001/login" "Mozilla/5.0 (Windows NT 10.0; rv:46.0) Gecko/20100101 Firefox/46.0"
::1 - - [06/Jun/2016:16:28:21 +0000] "POST /login HTTP/1.1" 302 54 "http://localhost:4001/login" "Mozilla/5.0 (Windows NT 10.0; rv:46.0) Gecko/20100101 Firefox/46.0"
::1 - - [06/Jun/2016:16:28:21 +0000] "GET /home HTTP/1.1" 200 2818 "http://localhost:4001/login" "Mozilla/5.0 (Windows NT 10.0; rv:46.0) Gecko/20100101 Firefox/46.0"
::1 - - [06/Jun/2016:16:28:21 +0000] "GET /utils/flat-ui/css/vendor/bootstrap/css/bootstrap.min.css HTTP/1.1" 304 - "http://localhost:4001/home" "Mozilla/5.0 (Windows NT 10.0; rv:46.0) Gecko/20100101 Firefox/46.0"
::1 - - [06/Jun/2016:16:28:21 +0000] "GET /utils/flat-ui/css/flat-ui.css HTTP/1.1" 304 - "http://localhost:4001/home" "Mozilla/5.0 (Windows NT 10.0; rv:46.0) Gecko/20100101 Firefox/46.0"
::1 - - [06/Jun/2016:16:28:21 +0000] "GET /css/style.css HTTP/1.1" 304 - "http://localhost:4001/home" "Mozilla/5.0 (Windows NT 10.0; rv:46.0) Gecko/20100101 Firefox/46.0"
::1 - - [06/Jun/2016:16:28:21 +0000] "GET /css/home.css HTTP/1.1" 304 - "http://localhost:4001/home" "Mozilla/5.0 (Windows NT 10.0; rv:46.0) Gecko/20100101 Firefox/46.0"
::1 - - [06/Jun/2016:16:28:21 +0000] "GET /utils/flat-ui/js/vendor/jquery.min.js HTTP/1.1" 304 - "http://localhost:4001/home" "Mozilla/5.0 (Windows NT 10.0; rv:46.0) Gecko/20100101 Firefox/46.0"
::1 - - [06/Jun/2016:16:28:21 +0000] "GET /utils/flat-ui/js/flat-ui.min.js HTTP/1.1" 304 - "http://localhost:4001/home" "Mozilla/5.0 (Windows NT 10.0; rv:46.0) Gecko/20100101 Firefox/46.0"
::1 - - [06/Jun/2016:16:28:23 +0000] "GET /projectindex HTTP/1.1" 200 5498 "http://localhost:4001/home" "Mozilla/5.0 (Windows NT 10.0; rv:46.0) Gecko/20100101 Firefox/46.0"
::1 - - [06/Jun/2016:16:28:23 +0000] "GET /utils/flat-ui/css/vendor/bootstrap/css/bootstrap.min.css HTTP/1.1" 304 - "http://localhost:4001/projectindex" "Mozilla/5.0 (Windows NT 10.0; rv:46.0) Gecko/20100101 Firefox/46.0"
::1 - - [06/Jun/2016:16:28:23 +0000] "GET /utils/flat-ui/css/flat-ui.css HTTP/1.1" 304 - "http://localhost:4001/projectindex" "Mozilla/5.0 (Windows NT 10.0; rv:46.0) Gecko/20100101 Firefox/46.0"
::1 - - [06/Jun/2016:16:28:23 +0000] "GET /css/style.css HTTP/1.1" 304 - "http://localhost:4001/projectindex" "Mozilla/5.0 (Windows NT 10.0; rv:46.0) Gecko/20100101 Firefox/46.0"
::1 - - [06/Jun/2016:16:28:23 +0000] "GET /css/home.css HTTP/1.1" 304 - "http://localhost:4001/projectindex" "Mozilla/5.0 (Windows NT 10.0; rv:46.0) Gecko/20100101 Firefox/46.0"
::1 - - [06/Jun/2016:16:28:23 +0000] "GET /css/project-index.css HTTP/1.1" 304 - "http://localhost:4001/projectindex" "Mozilla/5.0 (Windows NT 10.0; rv:46.0) Gecko/20100101 Firefox/46.0"
::1 - - [06/Jun/2016:16:28:23 +0000] "GET /img/tasks.png HTTP/1.1" 304 - "http://localhost:4001/projectindex" "Mozilla/5.0 (Windows NT 10.0; rv:46.0) Gecko/20100101 Firefox/46.0"
::1 - - [06/Jun/2016:16:28:24 +0000] "GET /newproject HTTP/1.1" 200 9441 "http://localhost:4001/projectindex" "Mozilla/5.0 (Windows NT 10.0; rv:46.0) Gecko/20100101 Firefox/46.0"
::1 - - [06/Jun/2016:16:28:24 +0000] "GET /utils/flat-ui/css/vendor/bootstrap/css/bootstrap.min.css HTTP/1.1" 304 - "http://localhost:4001/newproject" "Mozilla/5.0 (Windows NT 10.0; rv:46.0) Gecko/20100101 Firefox/46.0"
::1 - - [06/Jun/2016:16:28:24 +0000] "GET /utils/flat-ui/css/flat-ui.css HTTP/1.1" 304 - "http://localhost:4001/newproject" "Mozilla/5.0 (Windows NT 10.0; rv:46.0) Gecko/20100101 Firefox/46.0"
::1 - - [06/Jun/2016:16:28:24 +0000] "GET /css/style.css HTTP/1.1" 304 - "http://localhost:4001/newproject" "Mozilla/5.0 (Windows NT 10.0; rv:46.0) Gecko/20100101 Firefox/46.0"
::1 - - [06/Jun/2016:16:28:24 +0000] "GET /css/home.css HTTP/1.1" 304 - "http://localhost:4001/newproject" "Mozilla/5.0 (Windows NT 10.0; rv:46.0) Gecko/20100101 Firefox/46.0"
::1 - - [06/Jun/2016:16:28:24 +0000] "GET /css/new-project.css HTTP/1.1" 304 - "http://localhost:4001/newproject" "Mozilla/5.0 (Windows NT 10.0; rv:46.0) Gecko/20100101 Firefox/46.0"
::1 - - [06/Jun/2016:16:28:24 +0000] "GET /utils/flat-ui/js/vendor/jquery.min.js HTTP/1.1" 304 - "http://localhost:4001/newproject" "Mozilla/5.0 (Windows NT 10.0; rv:46.0) Gecko/20100101 Firefox/46.0"
::1 - - [06/Jun/2016:16:28:24 +0000] "GET /js/newproject.js HTTP/1.1" 304 - "http://localhost:4001/newproject" "Mozilla/5.0 (Windows NT 10.0; rv:46.0) Gecko/20100101 Firefox/46.0"
::1 - - [06/Jun/2016:16:28:47 +0000] "POST /newproject HTTP/1.1" 200 18 "http://localhost:4001/newproject" "Mozilla/5.0 (Windows NT 10.0; rv:46.0) Gecko/20100101 Firefox/46.0"
::1 - - [06/Jun/2016:16:28:48 +0000] "GET /projectindex HTTP/1.1" 200 6052 "http://localhost:4001/newproject" "Mozilla/5.0 (Windows NT 10.0; rv:46.0) Gecko/20100101 Firefox/46.0"
::1 - - [06/Jun/2016:16:28:48 +0000] "GET /utils/flat-ui/css/vendor/bootstrap/css/bootstrap.min.css HTTP/1.1" 304 - "http://localhost:4001/projectindex" "Mozilla/5.0 (Windows NT 10.0; rv:46.0) Gecko/20100101 Firefox/46.0"
::1 - - [06/Jun/2016:16:28:48 +0000] "GET /utils/flat-ui/css/flat-ui.css HTTP/1.1" 304 - "http://localhost:4001/projectindex" "Mozilla/5.0 (Windows NT 10.0; rv:46.0) Gecko/20100101 Firefox/46.0"
::1 - - [06/Jun/2016:16:28:48 +0000] "GET /css/style.css HTTP/1.1" 304 - "http://localhost:4001/projectindex" "Mozilla/5.0 (Windows NT 10.0; rv:46.0) Gecko/20100101 Firefox/46.0"
::1 - - [06/Jun/2016:16:28:48 +0000] "GET /css/home.css HTTP/1.1" 304 - "http://localhost:4001/projectindex" "Mozilla/5.0 (Windows NT 10.0; rv:46.0) Gecko/20100101 Firefox/46.0"
::1 - - [06/Jun/2016:16:28:48 +0000] "GET /css/project-index.css HTTP/1.1" 304 - "http://localhost:4001/projectindex" "Mozilla/5.0 (Windows NT 10.0; rv:46.0) Gecko/20100101 Firefox/46.0"
::1 - - [06/Jun/2016:16:28:48 +0000] "GET /img/tasks.png HTTP/1.1" 304 - "http://localhost:4001/projectindex" "Mozilla/5.0 (Windows NT 10.0; rv:46.0) Gecko/20100101 Firefox/46.0"
::1 - - [06/Jun/2016:16:45:58 +0000] "GET /projectindex HTTP/1.1" 302 56 "http://localhost:4001/newproject" "Mozilla/5.0 (Windows NT 10.0; rv:46.0) Gecko/20100101 Firefox/46.0"
::1 - - [06/Jun/2016:16:45:58 +0000] "GET /login HTTP/1.1" 200 2544 "http://localhost:4001/newproject" "Mozilla/5.0 (Windows NT 10.0; rv:46.0) Gecko/20100101 Firefox/46.0"
::1 - - [06/Jun/2016:16:45:58 +0000] "GET /utils/flat-ui/css/vendor/bootstrap/css/bootstrap.min.css HTTP/1.1" 304 - "http://localhost:4001/login" "Mozilla/5.0 (Windows NT 10.0; rv:46.0) Gecko/20100101 Firefox/46.0"
::1 - - [06/Jun/2016:16:45:59 +0000] "GET /utils/flat-ui/css/flat-ui.css HTTP/1.1" 304 - "http://localhost:4001/login" "Mozilla/5.0 (Windows NT 10.0; rv:46.0) Gecko/20100101 Firefox/46.0"
::1 - - [06/Jun/2016:16:45:59 +0000] "GET /css/style.css HTTP/1.1" 304 - "http://localhost:4001/login" "Mozilla/5.0 (Windows NT 10.0; rv:46.0) Gecko/20100101 Firefox/46.0"
::1 - - [06/Jun/2016:16:45:59 +0000] "GET /css/flat-ui.css HTTP/1.1" 304 - "http://localhost:4001/login" "Mozilla/5.0 (Windows NT 10.0; rv:46.0) Gecko/20100101 Firefox/46.0"
::1 - - [06/Jun/2016:16:45:59 +0000] "GET /css/register.css HTTP/1.1" 304 - "http://localhost:4001/login" "Mozilla/5.0 (Windows NT 10.0; rv:46.0) Gecko/20100101 Firefox/46.0"
::1 - - [06/Jun/2016:16:45:59 +0000] "GET /utils/flat-ui/js/vendor/jquery.min.js HTTP/1.1" 304 - "http://localhost:4001/login" "Mozilla/5.0 (Windows NT 10.0; rv:46.0) Gecko/20100101 Firefox/46.0"
::1 - - [06/Jun/2016:16:45:59 +0000] "GET /utils/flat-ui/js/flat-ui.min.js HTTP/1.1" 304 - "http://localhost:4001/login" "Mozilla/5.0 (Windows NT 10.0; rv:46.0) Gecko/20100101 Firefox/46.0"
::1 - - [06/Jun/2016:16:45:59 +0000] "GET /img/login/icon.png HTTP/1.1" 304 - "http://localhost:4001/login" "Mozilla/5.0 (Windows NT 10.0; rv:46.0) Gecko/20100101 Firefox/46.0"
::1 - - [06/Jun/2016:16:46:02 +0000] "POST /login HTTP/1.1" 302 54 "http://localhost:4001/login" "Mozilla/5.0 (Windows NT 10.0; rv:46.0) Gecko/20100101 Firefox/46.0"
::1 - - [06/Jun/2016:16:46:02 +0000] "GET /home HTTP/1.1" 200 2818 "http://localhost:4001/login" "Mozilla/5.0 (Windows NT 10.0; rv:46.0) Gecko/20100101 Firefox/46.0"
::1 - - [06/Jun/2016:16:46:02 +0000] "GET /utils/flat-ui/css/vendor/bootstrap/css/bootstrap.min.css HTTP/1.1" 304 - "http://localhost:4001/home" "Mozilla/5.0 (Windows NT 10.0; rv:46.0) Gecko/20100101 Firefox/46.0"
::1 - - [06/Jun/2016:16:46:02 +0000] "GET /utils/flat-ui/css/flat-ui.css HTTP/1.1" 304 - "http://localhost:4001/home" "Mozilla/5.0 (Windows NT 10.0; rv:46.0) Gecko/20100101 Firefox/46.0"
::1 - - [06/Jun/2016:16:46:02 +0000] "GET /css/style.css HTTP/1.1" 304 - "http://localhost:4001/home" "Mozilla/5.0 (Windows NT 10.0; rv:46.0) Gecko/20100101 Firefox/46.0"
::1 - - [06/Jun/2016:16:46:02 +0000] "GET /css/home.css HTTP/1.1" 304 - "http://localhost:4001/home" "Mozilla/5.0 (Windows NT 10.0; rv:46.0) Gecko/20100101 Firefox/46.0"
::1 - - [06/Jun/2016:16:46:02 +0000] "GET /utils/flat-ui/js/vendor/jquery.min.js HTTP/1.1" 304 - "http://localhost:4001/home" "Mozilla/5.0 (Windows NT 10.0; rv:46.0) Gecko/20100101 Firefox/46.0"
::1 - - [06/Jun/2016:16:46:02 +0000] "GET /utils/flat-ui/js/flat-ui.min.js HTTP/1.1" 304 - "http://localhost:4001/home" "Mozilla/5.0 (Windows NT 10.0; rv:46.0) Gecko/20100101 Firefox/46.0"
::1 - - [06/Jun/2016:16:46:03 +0000] "GET /projectindex HTTP/1.1" 200 5777 "http://localhost:4001/home" "Mozilla/5.0 (Windows NT 10.0; rv:46.0) Gecko/20100101 Firefox/46.0"
::1 - - [06/Jun/2016:16:46:03 +0000] "GET /utils/flat-ui/css/vendor/bootstrap/css/bootstrap.min.css HTTP/1.1" 304 - "http://localhost:4001/projectindex" "Mozilla/5.0 (Windows NT 10.0; rv:46.0) Gecko/20100101 Firefox/46.0"
::1 - - [06/Jun/2016:16:46:03 +0000] "GET /utils/flat-ui/css/flat-ui.css HTTP/1.1" 304 - "http://localhost:4001/projectindex" "Mozilla/5.0 (Windows NT 10.0; rv:46.0) Gecko/20100101 Firefox/46.0"
::1 - - [06/Jun/2016:16:46:03 +0000] "GET /css/style.css HTTP/1.1" 304 - "http://localhost:4001/projectindex" "Mozilla/5.0 (Windows NT 10.0; rv:46.0) Gecko/20100101 Firefox/46.0"
::1 - - [06/Jun/2016:16:46:03 +0000] "GET /css/home.css HTTP/1.1" 304 - "http://localhost:4001/projectindex" "Mozilla/5.0 (Windows NT 10.0; rv:46.0) Gecko/20100101 Firefox/46.0"
::1 - - [06/Jun/2016:16:46:03 +0000] "GET /css/project-index.css HTTP/1.1" 304 - "http://localhost:4001/projectindex" "Mozilla/5.0 (Windows NT 10.0; rv:46.0) Gecko/20100101 Firefox/46.0"
::1 - - [06/Jun/2016:16:46:03 +0000] "GET /img/tasks.png HTTP/1.1" 304 - "http://localhost:4001/projectindex" "Mozilla/5.0 (Windows NT 10.0; rv:46.0) Gecko/20100101 Firefox/46.0"
::1 - - [06/Jun/2016:16:46:04 +0000] "GET /newproject HTTP/1.1" 200 9441 "http://localhost:4001/projectindex" "Mozilla/5.0 (Windows NT 10.0; rv:46.0) Gecko/20100101 Firefox/46.0"
::1 - - [06/Jun/2016:16:46:04 +0000] "GET /utils/flat-ui/css/vendor/bootstrap/css/bootstrap.min.css HTTP/1.1" 304 - "http://localhost:4001/newproject" "Mozilla/5.0 (Windows NT 10.0; rv:46.0) Gecko/20100101 Firefox/46.0"
::1 - - [06/Jun/2016:16:46:04 +0000] "GET /utils/flat-ui/css/flat-ui.css HTTP/1.1" 304 - "http://localhost:4001/newproject" "Mozilla/5.0 (Windows NT 10.0; rv:46.0) Gecko/20100101 Firefox/46.0"
::1 - - [06/Jun/2016:16:46:04 +0000] "GET /css/style.css HTTP/1.1" 304 - "http://localhost:4001/newproject" "Mozilla/5.0 (Windows NT 10.0; rv:46.0) Gecko/20100101 Firefox/46.0"
::1 - - [06/Jun/2016:16:46:04 +0000] "GET /css/home.css HTTP/1.1" 304 - "http://localhost:4001/newproject" "Mozilla/5.0 (Windows NT 10.0; rv:46.0) Gecko/20100101 Firefox/46.0"
::1 - - [06/Jun/2016:16:46:04 +0000] "GET /css/new-project.css HTTP/1.1" 304 - "http://localhost:4001/newproject" "Mozilla/5.0 (Windows NT 10.0; rv:46.0) Gecko/20100101 Firefox/46.0"
::1 - - [06/Jun/2016:16:46:04 +0000] "GET /utils/flat-ui/js/vendor/jquery.min.js HTTP/1.1" 304 - "http://localhost:4001/newproject" "Mozilla/5.0 (Windows NT 10.0; rv:46.0) Gecko/20100101 Firefox/46.0"
::1 - - [06/Jun/2016:16:46:04 +0000] "GET /js/newproject.js HTTP/1.1" 304 - "http://localhost:4001/newproject" "Mozilla/5.0 (Windows NT 10.0; rv:46.0) Gecko/20100101 Firefox/46.0"
::1 - - [06/Jun/2016:16:46:21 +0000] "POST /newproject HTTP/1.1" 200 18 "http://localhost:4001/newproject" "Mozilla/5.0 (Windows NT 10.0; rv:46.0) Gecko/20100101 Firefox/46.0"
::1 - - [06/Jun/2016:16:51:39 +0000] "GET /projectindex HTTP/1.1" 302 56 "-" "Mozilla/5.0 (Windows NT 10.0; rv:46.0) Gecko/20100101 Firefox/46.0"
::1 - - [06/Jun/2016:16:51:39 +0000] "GET /login HTTP/1.1" 200 2544 "-" "Mozilla/5.0 (Windows NT 10.0; rv:46.0) Gecko/20100101 Firefox/46.0"
::1 - - [06/Jun/2016:16:51:39 +0000] "GET /utils/flat-ui/css/vendor/bootstrap/css/bootstrap.min.css HTTP/1.1" 304 - "http://localhost:4001/login" "Mozilla/5.0 (Windows NT 10.0; rv:46.0) Gecko/20100101 Firefox/46.0"
::1 - - [06/Jun/2016:16:51:39 +0000] "GET /utils/flat-ui/css/flat-ui.css HTTP/1.1" 304 - "http://localhost:4001/login" "Mozilla/5.0 (Windows NT 10.0; rv:46.0) Gecko/20100101 Firefox/46.0"
::1 - - [06/Jun/2016:16:51:39 +0000] "GET /css/style.css HTTP/1.1" 304 - "http://localhost:4001/login" "Mozilla/5.0 (Windows NT 10.0; rv:46.0) Gecko/20100101 Firefox/46.0"
::1 - - [06/Jun/2016:16:51:39 +0000] "GET /css/flat-ui.css HTTP/1.1" 304 - "http://localhost:4001/login" "Mozilla/5.0 (Windows NT 10.0; rv:46.0) Gecko/20100101 Firefox/46.0"
::1 - - [06/Jun/2016:16:51:39 +0000] "GET /css/register.css HTTP/1.1" 304 - "http://localhost:4001/login" "Mozilla/5.0 (Windows NT 10.0; rv:46.0) Gecko/20100101 Firefox/46.0"
::1 - - [06/Jun/2016:16:51:39 +0000] "GET /utils/flat-ui/js/flat-ui.min.js HTTP/1.1" 304 - "http://localhost:4001/login" "Mozilla/5.0 (Windows NT 10.0; rv:46.0) Gecko/20100101 Firefox/46.0"
::1 - - [06/Jun/2016:16:51:39 +0000] "GET /utils/flat-ui/js/vendor/jquery.min.js HTTP/1.1" 304 - "http://localhost:4001/login" "Mozilla/5.0 (Windows NT 10.0; rv:46.0) Gecko/20100101 Firefox/46.0"
::1 - - [06/Jun/2016:16:51:39 +0000] "GET /img/login/icon.png HTTP/1.1" 304 - "http://localhost:4001/login" "Mozilla/5.0 (Windows NT 10.0; rv:46.0) Gecko/20100101 Firefox/46.0"
::1 - - [06/Jun/2016:16:51:40 +0000] "GET /fonts/lato/lato-light.woff HTTP/1.1" 304 - "http://localhost:4001/css/flat-ui.css" "Mozilla/5.0 (Windows NT 10.0; rv:46.0) Gecko/20100101 Firefox/46.0"
::1 - - [06/Jun/2016:16:51:40 +0000] "GET /fonts/lato/lato-bold.woff HTTP/1.1" 304 - "http://localhost:4001/css/flat-ui.css" "Mozilla/5.0 (Windows NT 10.0; rv:46.0) Gecko/20100101 Firefox/46.0"
::1 - - [06/Jun/2016:16:51:40 +0000] "GET /fonts/glyphicons/flat-ui-icons-regular.woff HTTP/1.1" 304 - "http://localhost:4001/css/flat-ui.css" "Mozilla/5.0 (Windows NT 10.0; rv:46.0) Gecko/20100101 Firefox/46.0"
::1 - - [06/Jun/2016:16:51:40 +0000] "GET /fonts/lato/lato-regular.woff HTTP/1.1" 304 - "http://localhost:4001/css/flat-ui.css" "Mozilla/5.0 (Windows NT 10.0; rv:46.0) Gecko/20100101 Firefox/46.0"
::1 - - [06/Jun/2016:16:51:43 +0000] "POST /login HTTP/1.1" 302 54 "http://localhost:4001/login" "Mozilla/5.0 (Windows NT 10.0; rv:46.0) Gecko/20100101 Firefox/46.0"
::1 - - [06/Jun/2016:16:51:43 +0000] "GET /home HTTP/1.1" 200 2818 "http://localhost:4001/login" "Mozilla/5.0 (Windows NT 10.0; rv:46.0) Gecko/20100101 Firefox/46.0"
::1 - - [06/Jun/2016:16:51:43 +0000] "GET /utils/flat-ui/css/vendor/bootstrap/css/bootstrap.min.css HTTP/1.1" 304 - "http://localhost:4001/home" "Mozilla/5.0 (Windows NT 10.0; rv:46.0) Gecko/20100101 Firefox/46.0"
::1 - - [06/Jun/2016:16:51:43 +0000] "GET /utils/flat-ui/css/flat-ui.css HTTP/1.1" 304 - "http://localhost:4001/home" "Mozilla/5.0 (Windows NT 10.0; rv:46.0) Gecko/20100101 Firefox/46.0"
::1 - - [06/Jun/2016:16:51:43 +0000] "GET /css/style.css HTTP/1.1" 304 - "http://localhost:4001/home" "Mozilla/5.0 (Windows NT 10.0; rv:46.0) Gecko/20100101 Firefox/46.0"
::1 - - [06/Jun/2016:16:51:43 +0000] "GET /css/home.css HTTP/1.1" 304 - "http://localhost:4001/home" "Mozilla/5.0 (Windows NT 10.0; rv:46.0) Gecko/20100101 Firefox/46.0"
::1 - - [06/Jun/2016:16:51:43 +0000] "GET /utils/flat-ui/js/vendor/jquery.min.js HTTP/1.1" 304 - "http://localhost:4001/home" "Mozilla/5.0 (Windows NT 10.0; rv:46.0) Gecko/20100101 Firefox/46.0"
::1 - - [06/Jun/2016:16:51:43 +0000] "GET /utils/flat-ui/js/flat-ui.min.js HTTP/1.1" 304 - "http://localhost:4001/home" "Mozilla/5.0 (Windows NT 10.0; rv:46.0) Gecko/20100101 Firefox/46.0"
::1 - - [06/Jun/2016:16:51:44 +0000] "GET /projectindex HTTP/1.1" 200 6060 "http://localhost:4001/home" "Mozilla/5.0 (Windows NT 10.0; rv:46.0) Gecko/20100101 Firefox/46.0"
::1 - - [06/Jun/2016:16:51:44 +0000] "GET /utils/flat-ui/css/vendor/bootstrap/css/bootstrap.min.css HTTP/1.1" 304 - "http://localhost:4001/projectindex" "Mozilla/5.0 (Windows NT 10.0; rv:46.0) Gecko/20100101 Firefox/46.0"
::1 - - [06/Jun/2016:16:51:44 +0000] "GET /utils/flat-ui/css/flat-ui.css HTTP/1.1" 304 - "http://localhost:4001/projectindex" "Mozilla/5.0 (Windows NT 10.0; rv:46.0) Gecko/20100101 Firefox/46.0"
::1 - - [06/Jun/2016:16:51:44 +0000] "GET /css/style.css HTTP/1.1" 304 - "http://localhost:4001/projectindex" "Mozilla/5.0 (Windows NT 10.0; rv:46.0) Gecko/20100101 Firefox/46.0"
::1 - - [06/Jun/2016:16:51:44 +0000] "GET /css/home.css HTTP/1.1" 304 - "http://localhost:4001/projectindex" "Mozilla/5.0 (Windows NT 10.0; rv:46.0) Gecko/20100101 Firefox/46.0"
::1 - - [06/Jun/2016:16:51:44 +0000] "GET /css/project-index.css HTTP/1.1" 304 - "http://localhost:4001/projectindex" "Mozilla/5.0 (Windows NT 10.0; rv:46.0) Gecko/20100101 Firefox/46.0"
::1 - - [06/Jun/2016:16:51:44 +0000] "GET /img/tasks.png HTTP/1.1" 304 - "http://localhost:4001/projectindex" "Mozilla/5.0 (Windows NT 10.0; rv:46.0) Gecko/20100101 Firefox/46.0"
::1 - - [06/Jun/2016:16:51:44 +0000] "GET /projectindex HTTP/1.1" 304 - "http://localhost:4001/projectindex" "Mozilla/5.0 (Windows NT 10.0; rv:46.0) Gecko/20100101 Firefox/46.0"
::1 - - [06/Jun/2016:16:51:44 +0000] "GET /utils/flat-ui/css/vendor/bootstrap/css/bootstrap.min.css HTTP/1.1" 304 - "http://localhost:4001/projectindex" "Mozilla/5.0 (Windows NT 10.0; rv:46.0) Gecko/20100101 Firefox/46.0"
::1 - - [06/Jun/2016:16:51:44 +0000] "GET /utils/flat-ui/css/flat-ui.css HTTP/1.1" 304 - "http://localhost:4001/projectindex" "Mozilla/5.0 (Windows NT 10.0; rv:46.0) Gecko/20100101 Firefox/46.0"
::1 - - [06/Jun/2016:16:51:44 +0000] "GET /css/style.css HTTP/1.1" 304 - "http://localhost:4001/projectindex" "Mozilla/5.0 (Windows NT 10.0; rv:46.0) Gecko/20100101 Firefox/46.0"
::1 - - [06/Jun/2016:16:51:44 +0000] "GET /css/home.css HTTP/1.1" 304 - "http://localhost:4001/projectindex" "Mozilla/5.0 (Windows NT 10.0; rv:46.0) Gecko/20100101 Firefox/46.0"
::1 - - [06/Jun/2016:16:51:44 +0000] "GET /css/project-index.css HTTP/1.1" 304 - "http://localhost:4001/projectindex" "Mozilla/5.0 (Windows NT 10.0; rv:46.0) Gecko/20100101 Firefox/46.0"
::1 - - [06/Jun/2016:16:51:44 +0000] "GET /img/tasks.png HTTP/1.1" 304 - "http://localhost:4001/projectindex" "Mozilla/5.0 (Windows NT 10.0; rv:46.0) Gecko/20100101 Firefox/46.0"
::1 - - [06/Jun/2016:16:51:45 +0000] "GET /newproject HTTP/1.1" 200 9441 "http://localhost:4001/projectindex" "Mozilla/5.0 (Windows NT 10.0; rv:46.0) Gecko/20100101 Firefox/46.0"
::1 - - [06/Jun/2016:16:51:45 +0000] "GET /utils/flat-ui/css/vendor/bootstrap/css/bootstrap.min.css HTTP/1.1" 304 - "http://localhost:4001/newproject" "Mozilla/5.0 (Windows NT 10.0; rv:46.0) Gecko/20100101 Firefox/46.0"
::1 - - [06/Jun/2016:16:51:45 +0000] "GET /utils/flat-ui/css/flat-ui.css HTTP/1.1" 304 - "http://localhost:4001/newproject" "Mozilla/5.0 (Windows NT 10.0; rv:46.0) Gecko/20100101 Firefox/46.0"
::1 - - [06/Jun/2016:16:51:45 +0000] "GET /css/style.css HTTP/1.1" 304 - "http://localhost:4001/newproject" "Mozilla/5.0 (Windows NT 10.0; rv:46.0) Gecko/20100101 Firefox/46.0"
::1 - - [06/Jun/2016:16:51:45 +0000] "GET /css/home.css HTTP/1.1" 304 - "http://localhost:4001/newproject" "Mozilla/5.0 (Windows NT 10.0; rv:46.0) Gecko/20100101 Firefox/46.0"
::1 - - [06/Jun/2016:16:51:45 +0000] "GET /css/new-project.css HTTP/1.1" 304 - "http://localhost:4001/newproject" "Mozilla/5.0 (Windows NT 10.0; rv:46.0) Gecko/20100101 Firefox/46.0"
::1 - - [06/Jun/2016:16:51:45 +0000] "GET /utils/flat-ui/js/vendor/jquery.min.js HTTP/1.1" 304 - "http://localhost:4001/newproject" "Mozilla/5.0 (Windows NT 10.0; rv:46.0) Gecko/20100101 Firefox/46.0"
::1 - - [06/Jun/2016:16:51:45 +0000] "GET /js/newproject.js HTTP/1.1" 304 - "http://localhost:4001/newproject" "Mozilla/5.0 (Windows NT 10.0; rv:46.0) Gecko/20100101 Firefox/46.0"
::1 - - [06/Jun/2016:16:51:58 +0000] "POST /newproject HTTP/1.1" 200 18 "http://localhost:4001/newproject" "Mozilla/5.0 (Windows NT 10.0; rv:46.0) Gecko/20100101 Firefox/46.0"
::1 - - [06/Jun/2016:16:52:49 +0000] "GET /projectindex HTTP/1.1" 302 56 "http://localhost:4001/newproject" "Mozilla/5.0 (Windows NT 10.0; rv:46.0) Gecko/20100101 Firefox/46.0"
::1 - - [06/Jun/2016:16:52:49 +0000] "GET /login HTTP/1.1" 200 2544 "http://localhost:4001/newproject" "Mozilla/5.0 (Windows NT 10.0; rv:46.0) Gecko/20100101 Firefox/46.0"
::1 - - [06/Jun/2016:16:52:50 +0000] "GET /css/style.css HTTP/1.1" 304 - "http://localhost:4001/login" "Mozilla/5.0 (Windows NT 10.0; rv:46.0) Gecko/20100101 Firefox/46.0"
::1 - - [06/Jun/2016:16:52:50 +0000] "GET /css/flat-ui.css HTTP/1.1" 304 - "http://localhost:4001/login" "Mozilla/5.0 (Windows NT 10.0; rv:46.0) Gecko/20100101 Firefox/46.0"
::1 - - [06/Jun/2016:16:52:50 +0000] "GET /css/register.css HTTP/1.1" 304 - "http://localhost:4001/login" "Mozilla/5.0 (Windows NT 10.0; rv:46.0) Gecko/20100101 Firefox/46.0"
::1 - - [06/Jun/2016:16:52:50 +0000] "GET /utils/flat-ui/js/vendor/jquery.min.js HTTP/1.1" 304 - "http://localhost:4001/login" "Mozilla/5.0 (Windows NT 10.0; rv:46.0) Gecko/20100101 Firefox/46.0"
::1 - - [06/Jun/2016:16:52:50 +0000] "GET /utils/flat-ui/css/flat-ui.css HTTP/1.1" 304 - "http://localhost:4001/login" "Mozilla/5.0 (Windows NT 10.0; rv:46.0) Gecko/20100101 Firefox/46.0"
::1 - - [06/Jun/2016:16:52:50 +0000] "GET /utils/flat-ui/css/vendor/bootstrap/css/bootstrap.min.css HTTP/1.1" 304 - "http://localhost:4001/login" "Mozilla/5.0 (Windows NT 10.0; rv:46.0) Gecko/20100101 Firefox/46.0"
::1 - - [06/Jun/2016:16:52:50 +0000] "GET /utils/flat-ui/js/flat-ui.min.js HTTP/1.1" 304 - "http://localhost:4001/login" "Mozilla/5.0 (Windows NT 10.0; rv:46.0) Gecko/20100101 Firefox/46.0"
::1 - - [06/Jun/2016:16:52:50 +0000] "GET /img/login/icon.png HTTP/1.1" 304 - "http://localhost:4001/login" "Mozilla/5.0 (Windows NT 10.0; rv:46.0) Gecko/20100101 Firefox/46.0"
::1 - - [06/Jun/2016:16:52:50 +0000] "GET /fonts/lato/lato-regular.woff HTTP/1.1" 304 - "http://localhost:4001/css/flat-ui.css" "Mozilla/5.0 (Windows NT 10.0; rv:46.0) Gecko/20100101 Firefox/46.0"
::1 - - [06/Jun/2016:16:52:50 +0000] "GET /fonts/glyphicons/flat-ui-icons-regular.woff HTTP/1.1" 304 - "http://localhost:4001/css/flat-ui.css" "Mozilla/5.0 (Windows NT 10.0; rv:46.0) Gecko/20100101 Firefox/46.0"
::1 - - [06/Jun/2016:16:52:50 +0000] "GET /fonts/lato/lato-light.woff HTTP/1.1" 304 - "http://localhost:4001/css/flat-ui.css" "Mozilla/5.0 (Windows NT 10.0; rv:46.0) Gecko/20100101 Firefox/46.0"
::1 - - [06/Jun/2016:16:52:50 +0000] "GET /fonts/lato/lato-bold.woff HTTP/1.1" 304 - "http://localhost:4001/css/flat-ui.css" "Mozilla/5.0 (Windows NT 10.0; rv:46.0) Gecko/20100101 Firefox/46.0"
::1 - - [06/Jun/2016:16:52:52 +0000] "POST /login HTTP/1.1" 302 54 "http://localhost:4001/login" "Mozilla/5.0 (Windows NT 10.0; rv:46.0) Gecko/20100101 Firefox/46.0"
::1 - - [06/Jun/2016:16:52:53 +0000] "GET /home HTTP/1.1" 200 2818 "http://localhost:4001/login" "Mozilla/5.0 (Windows NT 10.0; rv:46.0) Gecko/20100101 Firefox/46.0"
::1 - - [06/Jun/2016:16:52:53 +0000] "GET /utils/flat-ui/css/vendor/bootstrap/css/bootstrap.min.css HTTP/1.1" 304 - "http://localhost:4001/home" "Mozilla/5.0 (Windows NT 10.0; rv:46.0) Gecko/20100101 Firefox/46.0"
::1 - - [06/Jun/2016:16:52:53 +0000] "GET /utils/flat-ui/css/flat-ui.css HTTP/1.1" 304 - "http://localhost:4001/home" "Mozilla/5.0 (Windows NT 10.0; rv:46.0) Gecko/20100101 Firefox/46.0"
::1 - - [06/Jun/2016:16:52:53 +0000] "GET /css/style.css HTTP/1.1" 304 - "http://localhost:4001/home" "Mozilla/5.0 (Windows NT 10.0; rv:46.0) Gecko/20100101 Firefox/46.0"
::1 - - [06/Jun/2016:16:52:53 +0000] "GET /css/home.css HTTP/1.1" 304 - "http://localhost:4001/home" "Mozilla/5.0 (Windows NT 10.0; rv:46.0) Gecko/20100101 Firefox/46.0"
::1 - - [06/Jun/2016:16:52:53 +0000] "GET /utils/flat-ui/js/vendor/jquery.min.js HTTP/1.1" 304 - "http://localhost:4001/home" "Mozilla/5.0 (Windows NT 10.0; rv:46.0) Gecko/20100101 Firefox/46.0"
::1 - - [06/Jun/2016:16:52:53 +0000] "GET /utils/flat-ui/js/flat-ui.min.js HTTP/1.1" 304 - "http://localhost:4001/home" "Mozilla/5.0 (Windows NT 10.0; rv:46.0) Gecko/20100101 Firefox/46.0"
::1 - - [06/Jun/2016:16:52:54 +0000] "GET /projectindex HTTP/1.1" 200 6337 "http://localhost:4001/home" "Mozilla/5.0 (Windows NT 10.0; rv:46.0) Gecko/20100101 Firefox/46.0"
::1 - - [06/Jun/2016:16:52:54 +0000] "GET /utils/flat-ui/css/vendor/bootstrap/css/bootstrap.min.css HTTP/1.1" 304 - "http://localhost:4001/projectindex" "Mozilla/5.0 (Windows NT 10.0; rv:46.0) Gecko/20100101 Firefox/46.0"
::1 - - [06/Jun/2016:16:52:54 +0000] "GET /utils/flat-ui/css/flat-ui.css HTTP/1.1" 304 - "http://localhost:4001/projectindex" "Mozilla/5.0 (Windows NT 10.0; rv:46.0) Gecko/20100101 Firefox/46.0"
::1 - - [06/Jun/2016:16:52:54 +0000] "GET /css/style.css HTTP/1.1" 304 - "http://localhost:4001/projectindex" "Mozilla/5.0 (Windows NT 10.0; rv:46.0) Gecko/20100101 Firefox/46.0"
::1 - - [06/Jun/2016:16:52:54 +0000] "GET /css/home.css HTTP/1.1" 304 - "http://localhost:4001/projectindex" "Mozilla/5.0 (Windows NT 10.0; rv:46.0) Gecko/20100101 Firefox/46.0"
::1 - - [06/Jun/2016:16:52:54 +0000] "GET /css/project-index.css HTTP/1.1" 304 - "http://localhost:4001/projectindex" "Mozilla/5.0 (Windows NT 10.0; rv:46.0) Gecko/20100101 Firefox/46.0"
::1 - - [06/Jun/2016:16:52:54 +0000] "GET /img/tasks.png HTTP/1.1" 304 - "http://localhost:4001/projectindex" "Mozilla/5.0 (Windows NT 10.0; rv:46.0) Gecko/20100101 Firefox/46.0"
::1 - - [06/Jun/2016:16:52:55 +0000] "GET /newproject HTTP/1.1" 200 9441 "http://localhost:4001/projectindex" "Mozilla/5.0 (Windows NT 10.0; rv:46.0) Gecko/20100101 Firefox/46.0"
::1 - - [06/Jun/2016:16:52:55 +0000] "GET /utils/flat-ui/css/vendor/bootstrap/css/bootstrap.min.css HTTP/1.1" 304 - "http://localhost:4001/newproject" "Mozilla/5.0 (Windows NT 10.0; rv:46.0) Gecko/20100101 Firefox/46.0"
::1 - - [06/Jun/2016:16:52:55 +0000] "GET /utils/flat-ui/css/flat-ui.css HTTP/1.1" 304 - "http://localhost:4001/newproject" "Mozilla/5.0 (Windows NT 10.0; rv:46.0) Gecko/20100101 Firefox/46.0"
::1 - - [06/Jun/2016:16:52:55 +0000] "GET /css/style.css HTTP/1.1" 304 - "http://localhost:4001/newproject" "Mozilla/5.0 (Windows NT 10.0; rv:46.0) Gecko/20100101 Firefox/46.0"
::1 - - [06/Jun/2016:16:52:55 +0000] "GET /css/home.css HTTP/1.1" 304 - "http://localhost:4001/newproject" "Mozilla/5.0 (Windows NT 10.0; rv:46.0) Gecko/20100101 Firefox/46.0"
::1 - - [06/Jun/2016:16:52:55 +0000] "GET /css/new-project.css HTTP/1.1" 304 - "http://localhost:4001/newproject" "Mozilla/5.0 (Windows NT 10.0; rv:46.0) Gecko/20100101 Firefox/46.0"
::1 - - [06/Jun/2016:16:52:55 +0000] "GET /utils/flat-ui/js/vendor/jquery.min.js HTTP/1.1" 304 - "http://localhost:4001/newproject" "Mozilla/5.0 (Windows NT 10.0; rv:46.0) Gecko/20100101 Firefox/46.0"
::1 - - [06/Jun/2016:16:52:55 +0000] "GET /js/newproject.js HTTP/1.1" 304 - "http://localhost:4001/newproject" "Mozilla/5.0 (Windows NT 10.0; rv:46.0) Gecko/20100101 Firefox/46.0"
::1 - - [06/Jun/2016:16:53:08 +0000] "POST /newproject HTTP/1.1" 200 18 "http://localhost:4001/newproject" "Mozilla/5.0 (Windows NT 10.0; rv:46.0) Gecko/20100101 Firefox/46.0"
